#
# There is insufficient memory for the Java Runtime Environment to continue.
# Native memory allocation (malloc) failed to allocate 32744 bytes for ChunkPool::allocate
# Possible reasons:
#   The system is out of physical RAM or swap space
#   The process is running with CompressedOops enabled, and the Java Heap may be blocking the growth of the native heap
# Possible solutions:
#   Reduce memory load on the system
#   Increase physical memory or swap space
#   Check if swap backing store is full
#   Decrease Java heap size (-Xmx/-Xms)
#   Decrease number of Java threads
#   Decrease Java thread stack sizes (-Xss)
#   Set larger code cache with -XX:ReservedCodeCacheSize=
#   JVM is running with Zero Based Compressed Oops mode in which the Java heap is
#     placed in the first 32GB address space. The Java Heap base address is the
#     maximum limit for the native heap growth. Please use -XX:HeapBaseMinAddress
#     to set the Java Heap base and to place the Java Heap above 32GB virtual address.
# This output file may be truncated or incomplete.
#
#  Out of Memory Error (src/hotspot/share/memory/arena.cpp:81), pid=4796, tid=2072
#
# JRE version: OpenJDK Runtime Environment (11.0.15) (build 11.0.15+0-b2043.56-9505619)
# Java VM: OpenJDK 64-Bit Server VM (11.0.15+0-b2043.56-9505619, mixed mode, tiered, compressed oops, g1 gc, windows-amd64)
# No core dump will be written. Minidumps are not enabled by default on client versions of Windows
#

---------------  S U M M A R Y ------------

Command Line: org.jetbrains.kotlin.cli.jvm.K2JVMCompiler @F:\EarningApp\app\build\20230901_743894257784261108.compiler.options

Host: Intel(R) Core(TM) i7-10750H CPU @ 2.60GHz, 12 cores, 15G,  Windows 11 , 64 bit Build 22621 (10.0.22621.2070)
Time: Fri Sep  1 03:40:02 2023 Egypt Daylight Time elapsed time: 2.437852 seconds (0d 0h 0m 2s)

---------------  T H R E A D  ---------------

Current thread (0x00000297eb223800):  JavaThread "C1 CompilerThread0" daemon [_thread_in_native, id=2072, stack(0x0000009ba4000000,0x0000009ba4100000)]


Current CompileTask:
C1:   2437 3412   !   3       org.jetbrains.kotlin.metadata.ProtoBuf$Class::<init> (2890 bytes)

Stack: [0x0000009ba4000000,0x0000009ba4100000]
Native frames: (J=compiled Java code, j=interpreted, Vv=VM code, C=native code)
V  [jvm.dll+0x64135a]
V  [jvm.dll+0x7d39f9]
V  [jvm.dll+0x7d51b9]
V  [jvm.dll+0x7d58a3]
V  [jvm.dll+0x2691c5]
V  [jvm.dll+0xc1cbf]
V  [jvm.dll+0xc200c]
V  [jvm.dll+0x124225]
V  [jvm.dll+0x1839bd]
V  [jvm.dll+0x184953]
V  [jvm.dll+0x13bff5]
V  [jvm.dll+0x13b89f]
V  [jvm.dll+0x13bad4]
V  [jvm.dll+0x13ae22]
V  [jvm.dll+0x13ccbc]
V  [jvm.dll+0x230479]
V  [jvm.dll+0x22e5ef]
V  [jvm.dll+0x794de1]
V  [jvm.dll+0x78dc24]
V  [jvm.dll+0x6400f6]
C  [ucrtbase.dll+0x29363]
C  [KERNEL32.DLL+0x126ad]
C  [ntdll.dll+0x5aa68]


---------------  P R O C E S S  ---------------

Threads class SMR info:
_java_thread_list=0x00000297eb3d29a0, length=12, elements={
0x00000297c95b4000, 0x00000297ea94e000, 0x00000297ea957800, 0x00000297eb21a800,
0x00000297eb21d000, 0x00000297eb21e000, 0x00000297eb220000, 0x00000297eb223800,
0x00000297eb224800, 0x00000297eb3e0000, 0x00000297eb3d7800, 0x00000297eb3d6800
}

Java Threads: ( => current thread )
  0x00000297c95b4000 JavaThread "main" [_thread_in_vm, id=18356, stack(0x0000009ba3300000,0x0000009ba3400000)]
  0x00000297ea94e000 JavaThread "Reference Handler" daemon [_thread_blocked, id=11492, stack(0x0000009ba3a00000,0x0000009ba3b00000)]
  0x00000297ea957800 JavaThread "Finalizer" daemon [_thread_blocked, id=9688, stack(0x0000009ba3b00000,0x0000009ba3c00000)]
  0x00000297eb21a800 JavaThread "Signal Dispatcher" daemon [_thread_blocked, id=19440, stack(0x0000009ba3c00000,0x0000009ba3d00000)]
  0x00000297eb21d000 JavaThread "Attach Listener" daemon [_thread_blocked, id=18232, stack(0x0000009ba3d00000,0x0000009ba3e00000)]
  0x00000297eb21e000 JavaThread "Service Thread" daemon [_thread_blocked, id=10524, stack(0x0000009ba3e00000,0x0000009ba3f00000)]
  0x00000297eb220000 JavaThread "C2 CompilerThread0" daemon [_thread_in_native, id=11128, stack(0x0000009ba3f00000,0x0000009ba4000000)]
=>0x00000297eb223800 JavaThread "C1 CompilerThread0" daemon [_thread_in_native, id=2072, stack(0x0000009ba4000000,0x0000009ba4100000)]
  0x00000297eb224800 JavaThread "Sweeper thread" daemon [_thread_blocked, id=9648, stack(0x0000009ba4100000,0x0000009ba4200000)]
  0x00000297eb3e0000 JavaThread "Common-Cleaner" daemon [_thread_blocked, id=2556, stack(0x0000009ba4300000,0x0000009ba4400000)]
  0x00000297eb3d7800 JavaThread "C2 CompilerThread1" daemon [_thread_in_native, id=17144, stack(0x0000009ba4400000,0x0000009ba4500000)]
  0x00000297eb3d6800 JavaThread "C2 CompilerThread2" daemon [_thread_in_native, id=18660, stack(0x0000009ba4500000,0x0000009ba4600000)]

Other Threads:
  0x00000297eb20b800 VMThread "VM Thread" [stack: 0x0000009ba3900000,0x0000009ba3a00000] [id=2620]
  0x00000297eb3d3800 WatcherThread [stack: 0x0000009ba4200000,0x0000009ba4300000] [id=15292]
  0x00000297c94bc000 GCTaskThread "GC Thread#0" [stack: 0x0000009ba3400000,0x0000009ba3500000] [id=20204]
  0x00000297eb885800 GCTaskThread "GC Thread#1" [stack: 0x0000009ba4600000,0x0000009ba4700000] [id=17156]
  0x00000297ebc34000 GCTaskThread "GC Thread#2" [stack: 0x0000009ba4700000,0x0000009ba4800000] [id=15912]
  0x00000297ebc47800 GCTaskThread "GC Thread#3" [stack: 0x0000009ba4800000,0x0000009ba4900000] [id=17200]
  0x00000297ebc48000 GCTaskThread "GC Thread#4" [stack: 0x0000009ba4900000,0x0000009ba4a00000] [id=12832]
  0x00000297ebc48800 GCTaskThread "GC Thread#5" [stack: 0x0000009ba4a00000,0x0000009ba4b00000] [id=19060]
  0x00000297c9624800 ConcurrentGCThread "G1 Main Marker" [stack: 0x0000009ba3500000,0x0000009ba3600000] [id=10340]
  0x00000297c9628800 ConcurrentGCThread "G1 Conc#0" [stack: 0x0000009ba3600000,0x0000009ba3700000] [id=17072]
  0x00000297ebbbd800 ConcurrentGCThread "G1 Conc#1" [stack: 0x0000009ba4b00000,0x0000009ba4c00000] [id=15904]
  0x00000297ec9e8800 ConcurrentGCThread "G1 Conc#2" [stack: 0x0000009ba4c00000,0x0000009ba4d00000] [id=9760]
  0x00000297ea832800 ConcurrentGCThread "G1 Refine#0" [stack: 0x0000009ba3700000,0x0000009ba3800000] [id=4860]
  0x00000297eeec8800 ConcurrentGCThread "G1 Refine#1" [stack: 0x0000009ba4d00000,0x0000009ba4e00000] [id=11920]
  0x00000297eeec8000 ConcurrentGCThread "G1 Refine#2" [stack: 0x0000009ba4e00000,0x0000009ba4f00000] [id=18528]
  0x00000297eeec3800 ConcurrentGCThread "G1 Refine#3" [stack: 0x0000009ba4f00000,0x0000009ba5000000] [id=11224]
  0x00000297eeec9800 ConcurrentGCThread "G1 Refine#4" [stack: 0x0000009ba5000000,0x0000009ba5100000] [id=2528]
  0x00000297ea836000 ConcurrentGCThread "G1 Young RemSet Sampling" [stack: 0x0000009ba3800000,0x0000009ba3900000] [id=17472]

Threads with active compile tasks:
C2 CompilerThread0     2449 3028       4       java.lang.ClassLoader::loadClass (7 bytes)
C1 CompilerThread0     2449 3412   !   3       org.jetbrains.kotlin.metadata.ProtoBuf$Class::<init> (2890 bytes)
C2 CompilerThread1     2449 3105       4       jdk.internal.loader.ClassLoaders$AppClassLoader::loadClass (40 bytes)
C2 CompilerThread2     2449 3398  s    4       java.util.jar.JarFile::getInputStream (72 bytes)

VM state:not at safepoint (normal execution)

VM Mutex/Monitor currently owned by a thread: None

Heap address: 0x0000000702c00000, size: 4052 MB, Compressed Oops mode: Zero based, Oop shift amount: 3
Narrow klass base: 0x0000000800000000, Narrow klass shift: 0
Compressed class space size: 1073741824 Address: 0x0000000800000000

Heap:
 garbage-first heap   total 260096K, used 85695K [0x0000000702c00000, 0x0000000800000000)
  region size 1024K, 59 young (60416K), 2 survivors (2048K)
 Metaspace       used 47685K, capacity 48254K, committed 48464K, reserved 1091584K
  class space    used 5551K, capacity 5770K, committed 5808K, reserved 1048576K
Heap Regions: E=young(eden), S=young(survivor), O=old, HS=humongous(starts), HC=humongous(continues), CS=collection set, F=free, A=archive, TAMS=top-at-mark-start (previous, next)
|   0|0x0000000702c00000, 0x0000000702d00000, 0x0000000702d00000|100%|HS|  |TAMS 0x0000000702d00000, 0x0000000702c00000| Complete 
|   1|0x0000000702d00000, 0x0000000702e00000, 0x0000000702e00000|100%|HC|  |TAMS 0x0000000702e00000, 0x0000000702d00000| Complete 
|   2|0x0000000702e00000, 0x0000000702f00000, 0x0000000702f00000|100%|HC|  |TAMS 0x0000000702f00000, 0x0000000702e00000| Complete 
|   3|0x0000000702f00000, 0x0000000703000000, 0x0000000703000000|100%|HC|  |TAMS 0x0000000703000000, 0x0000000702f00000| Complete 
|   4|0x0000000703000000, 0x0000000703100000, 0x0000000703100000|100%|HS|  |TAMS 0x0000000703100000, 0x0000000703000000| Complete 
|   5|0x0000000703100000, 0x0000000703200000, 0x0000000703200000|100%|HC|  |TAMS 0x0000000703200000, 0x0000000703100000| Complete 
|   6|0x0000000703200000, 0x0000000703300000, 0x0000000703300000|100%|HC|  |TAMS 0x0000000703300000, 0x0000000703200000| Complete 
|   7|0x0000000703300000, 0x0000000703400000, 0x0000000703400000|100%|HC|  |TAMS 0x0000000703400000, 0x0000000703300000| Complete 
|   8|0x0000000703400000, 0x0000000703500000, 0x0000000703500000|100%|HS|  |TAMS 0x0000000703500000, 0x0000000703400000| Complete 
|   9|0x0000000703500000, 0x0000000703600000, 0x0000000703600000|100%|HC|  |TAMS 0x0000000703600000, 0x0000000703500000| Complete 
|  10|0x0000000703600000, 0x0000000703700000, 0x0000000703700000|100%| O|  |TAMS 0x0000000703700000, 0x0000000703600000| Untracked 
|  11|0x0000000703700000, 0x0000000703800000, 0x0000000703800000|100%| O|  |TAMS 0x0000000703800000, 0x0000000703700000| Untracked 
|  12|0x0000000703800000, 0x0000000703900000, 0x0000000703900000|100%| O|  |TAMS 0x0000000703900000, 0x0000000703800000| Untracked 
|  13|0x0000000703900000, 0x0000000703a00000, 0x0000000703a00000|100%| O|  |TAMS 0x0000000703a00000, 0x0000000703900000| Untracked 
|  14|0x0000000703a00000, 0x0000000703b00000, 0x0000000703b00000|100%| O|  |TAMS 0x0000000703b00000, 0x0000000703a00000| Untracked 
|  15|0x0000000703b00000, 0x0000000703c00000, 0x0000000703c00000|100%| O|  |TAMS 0x0000000703c00000, 0x0000000703b00000| Untracked 
|  16|0x0000000703c00000, 0x0000000703d00000, 0x0000000703d00000|100%| O|  |TAMS 0x0000000703d00000, 0x0000000703c00000| Untracked 
|  17|0x0000000703d00000, 0x0000000703e00000, 0x0000000703e00000|100%| O|  |TAMS 0x0000000703e00000, 0x0000000703d00000| Untracked 
|  18|0x0000000703e00000, 0x0000000703f00000, 0x0000000703f00000|100%| O|  |TAMS 0x0000000703f00000, 0x0000000703e00000| Untracked 
|  19|0x0000000703f00000, 0x0000000704000000, 0x0000000704000000|100%| O|  |TAMS 0x0000000704000000, 0x0000000703f00000| Untracked 
|  20|0x0000000704000000, 0x0000000704100000, 0x0000000704100000|100%| O|  |TAMS 0x0000000704100000, 0x0000000704000000| Untracked 
|  21|0x0000000704100000, 0x0000000704200000, 0x0000000704200000|100%| O|  |TAMS 0x0000000704200000, 0x0000000704100000| Untracked 
|  22|0x0000000704200000, 0x0000000704300000, 0x0000000704300000|100%| O|  |TAMS 0x0000000704300000, 0x0000000704200000| Untracked 
|  23|0x0000000704300000, 0x00000007043e0600, 0x0000000704400000| 87%| O|  |TAMS 0x00000007043e0600, 0x0000000704300000| Untracked 
|  24|0x0000000704400000, 0x0000000704500000, 0x0000000704500000|100%|HS|  |TAMS 0x0000000704400000, 0x0000000704400000| Complete 
|  25|0x0000000704500000, 0x0000000704600000, 0x0000000704600000|100%|HC|  |TAMS 0x0000000704500000, 0x0000000704500000| Complete 
|  26|0x0000000704600000, 0x0000000704600000, 0x0000000704700000|  0%| F|  |TAMS 0x0000000704600000, 0x0000000704600000| Untracked 
|  27|0x0000000704700000, 0x0000000704700000, 0x0000000704800000|  0%| F|  |TAMS 0x0000000704700000, 0x0000000704700000| Untracked 
|  28|0x0000000704800000, 0x0000000704800000, 0x0000000704900000|  0%| F|  |TAMS 0x0000000704800000, 0x0000000704800000| Untracked 
|  29|0x0000000704900000, 0x0000000704900000, 0x0000000704a00000|  0%| F|  |TAMS 0x0000000704900000, 0x0000000704900000| Untracked 
|  30|0x0000000704a00000, 0x0000000704a00000, 0x0000000704b00000|  0%| F|  |TAMS 0x0000000704a00000, 0x0000000704a00000| Untracked 
|  31|0x0000000704b00000, 0x0000000704b00000, 0x0000000704c00000|  0%| F|  |TAMS 0x0000000704b00000, 0x0000000704b00000| Untracked 
|  32|0x0000000704c00000, 0x0000000704c00000, 0x0000000704d00000|  0%| F|  |TAMS 0x0000000704c00000, 0x0000000704c00000| Untracked 
|  33|0x0000000704d00000, 0x0000000704d00000, 0x0000000704e00000|  0%| F|  |TAMS 0x0000000704d00000, 0x0000000704d00000| Untracked 
|  34|0x0000000704e00000, 0x0000000704e00000, 0x0000000704f00000|  0%| F|  |TAMS 0x0000000704e00000, 0x0000000704e00000| Untracked 
|  35|0x0000000704f00000, 0x0000000704f00000, 0x0000000705000000|  0%| F|  |TAMS 0x0000000704f00000, 0x0000000704f00000| Untracked 
|  36|0x0000000705000000, 0x0000000705000000, 0x0000000705100000|  0%| F|  |TAMS 0x0000000705000000, 0x0000000705000000| Untracked 
|  37|0x0000000705100000, 0x0000000705100000, 0x0000000705200000|  0%| F|  |TAMS 0x0000000705100000, 0x0000000705100000| Untracked 
|  38|0x0000000705200000, 0x0000000705200000, 0x0000000705300000|  0%| F|  |TAMS 0x0000000705200000, 0x0000000705200000| Untracked 
|  39|0x0000000705300000, 0x0000000705300000, 0x0000000705400000|  0%| F|  |TAMS 0x0000000705300000, 0x0000000705300000| Untracked 
|  40|0x0000000705400000, 0x0000000705400000, 0x0000000705500000|  0%| F|  |TAMS 0x0000000705400000, 0x0000000705400000| Untracked 
|  41|0x0000000705500000, 0x0000000705500000, 0x0000000705600000|  0%| F|  |TAMS 0x0000000705500000, 0x0000000705500000| Untracked 
|  42|0x0000000705600000, 0x0000000705600000, 0x0000000705700000|  0%| F|  |TAMS 0x0000000705600000, 0x0000000705600000| Untracked 
|  43|0x0000000705700000, 0x0000000705700000, 0x0000000705800000|  0%| F|  |TAMS 0x0000000705700000, 0x0000000705700000| Untracked 
|  44|0x0000000705800000, 0x0000000705800000, 0x0000000705900000|  0%| F|  |TAMS 0x0000000705800000, 0x0000000705800000| Untracked 
|  45|0x0000000705900000, 0x0000000705900000, 0x0000000705a00000|  0%| F|  |TAMS 0x0000000705900000, 0x0000000705900000| Untracked 
|  46|0x0000000705a00000, 0x0000000705a00000, 0x0000000705b00000|  0%| F|  |TAMS 0x0000000705a00000, 0x0000000705a00000| Untracked 
|  47|0x0000000705b00000, 0x0000000705b00000, 0x0000000705c00000|  0%| F|  |TAMS 0x0000000705b00000, 0x0000000705b00000| Untracked 
|  48|0x0000000705c00000, 0x0000000705c00000, 0x0000000705d00000|  0%| F|  |TAMS 0x0000000705c00000, 0x0000000705c00000| Untracked 
|  49|0x0000000705d00000, 0x0000000705d00000, 0x0000000705e00000|  0%| F|  |TAMS 0x0000000705d00000, 0x0000000705d00000| Untracked 
|  50|0x0000000705e00000, 0x0000000705e00000, 0x0000000705f00000|  0%| F|  |TAMS 0x0000000705e00000, 0x0000000705e00000| Untracked 
|  51|0x0000000705f00000, 0x0000000705f00000, 0x0000000706000000|  0%| F|  |TAMS 0x0000000705f00000, 0x0000000705f00000| Untracked 
|  52|0x0000000706000000, 0x0000000706000000, 0x0000000706100000|  0%| F|  |TAMS 0x0000000706000000, 0x0000000706000000| Untracked 
|  53|0x0000000706100000, 0x0000000706100000, 0x0000000706200000|  0%| F|  |TAMS 0x0000000706100000, 0x0000000706100000| Untracked 
|  54|0x0000000706200000, 0x0000000706200000, 0x0000000706300000|  0%| F|  |TAMS 0x0000000706200000, 0x0000000706200000| Untracked 
|  55|0x0000000706300000, 0x0000000706300000, 0x0000000706400000|  0%| F|  |TAMS 0x0000000706300000, 0x0000000706300000| Untracked 
|  56|0x0000000706400000, 0x0000000706400000, 0x0000000706500000|  0%| F|  |TAMS 0x0000000706400000, 0x0000000706400000| Untracked 
|  57|0x0000000706500000, 0x0000000706500000, 0x0000000706600000|  0%| F|  |TAMS 0x0000000706500000, 0x0000000706500000| Untracked 
|  58|0x0000000706600000, 0x0000000706600000, 0x0000000706700000|  0%| F|  |TAMS 0x0000000706600000, 0x0000000706600000| Untracked 
|  59|0x0000000706700000, 0x0000000706700000, 0x0000000706800000|  0%| F|  |TAMS 0x0000000706700000, 0x0000000706700000| Untracked 
|  60|0x0000000706800000, 0x0000000706800000, 0x0000000706900000|  0%| F|  |TAMS 0x0000000706800000, 0x0000000706800000| Untracked 
|  61|0x0000000706900000, 0x0000000706900000, 0x0000000706a00000|  0%| F|  |TAMS 0x0000000706900000, 0x0000000706900000| Untracked 
|  62|0x0000000706a00000, 0x0000000706a00000, 0x0000000706b00000|  0%| F|  |TAMS 0x0000000706a00000, 0x0000000706a00000| Untracked 
|  63|0x0000000706b00000, 0x0000000706b00000, 0x0000000706c00000|  0%| F|  |TAMS 0x0000000706b00000, 0x0000000706b00000| Untracked 
|  64|0x0000000706c00000, 0x0000000706c00000, 0x0000000706d00000|  0%| F|  |TAMS 0x0000000706c00000, 0x0000000706c00000| Untracked 
|  65|0x0000000706d00000, 0x0000000706d00000, 0x0000000706e00000|  0%| F|  |TAMS 0x0000000706d00000, 0x0000000706d00000| Untracked 
|  66|0x0000000706e00000, 0x0000000706e00000, 0x0000000706f00000|  0%| F|  |TAMS 0x0000000706e00000, 0x0000000706e00000| Untracked 
|  67|0x0000000706f00000, 0x0000000706f00000, 0x0000000707000000|  0%| F|  |TAMS 0x0000000706f00000, 0x0000000706f00000| Untracked 
|  68|0x0000000707000000, 0x0000000707000000, 0x0000000707100000|  0%| F|  |TAMS 0x0000000707000000, 0x0000000707000000| Untracked 
|  69|0x0000000707100000, 0x0000000707100000, 0x0000000707200000|  0%| F|  |TAMS 0x0000000707100000, 0x0000000707100000| Untracked 
|  70|0x0000000707200000, 0x0000000707200000, 0x0000000707300000|  0%| F|  |TAMS 0x0000000707200000, 0x0000000707200000| Untracked 
|  71|0x0000000707300000, 0x0000000707300000, 0x0000000707400000|  0%| F|  |TAMS 0x0000000707300000, 0x0000000707300000| Untracked 
|  72|0x0000000707400000, 0x0000000707400000, 0x0000000707500000|  0%| F|  |TAMS 0x0000000707400000, 0x0000000707400000| Untracked 
|  73|0x0000000707500000, 0x0000000707500000, 0x0000000707600000|  0%| F|  |TAMS 0x0000000707500000, 0x0000000707500000| Untracked 
|  74|0x0000000707600000, 0x0000000707600000, 0x0000000707700000|  0%| F|  |TAMS 0x0000000707600000, 0x0000000707600000| Untracked 
|  75|0x0000000707700000, 0x0000000707700000, 0x0000000707800000|  0%| F|  |TAMS 0x0000000707700000, 0x0000000707700000| Untracked 
|  76|0x0000000707800000, 0x0000000707800000, 0x0000000707900000|  0%| F|  |TAMS 0x0000000707800000, 0x0000000707800000| Untracked 
|  77|0x0000000707900000, 0x0000000707900000, 0x0000000707a00000|  0%| F|  |TAMS 0x0000000707900000, 0x0000000707900000| Untracked 
|  78|0x0000000707a00000, 0x0000000707a00000, 0x0000000707b00000|  0%| F|  |TAMS 0x0000000707a00000, 0x0000000707a00000| Untracked 
|  79|0x0000000707b00000, 0x0000000707b00000, 0x0000000707c00000|  0%| F|  |TAMS 0x0000000707b00000, 0x0000000707b00000| Untracked 
|  80|0x0000000707c00000, 0x0000000707c00000, 0x0000000707d00000|  0%| F|  |TAMS 0x0000000707c00000, 0x0000000707c00000| Untracked 
|  81|0x0000000707d00000, 0x0000000707d00000, 0x0000000707e00000|  0%| F|  |TAMS 0x0000000707d00000, 0x0000000707d00000| Untracked 
|  82|0x0000000707e00000, 0x0000000707e00000, 0x0000000707f00000|  0%| F|  |TAMS 0x0000000707e00000, 0x0000000707e00000| Untracked 
|  83|0x0000000707f00000, 0x0000000707f00000, 0x0000000708000000|  0%| F|  |TAMS 0x0000000707f00000, 0x0000000707f00000| Untracked 
|  84|0x0000000708000000, 0x0000000708000000, 0x0000000708100000|  0%| F|  |TAMS 0x0000000708000000, 0x0000000708000000| Untracked 
|  85|0x0000000708100000, 0x0000000708100000, 0x0000000708200000|  0%| F|  |TAMS 0x0000000708100000, 0x0000000708100000| Untracked 
|  86|0x0000000708200000, 0x0000000708200000, 0x0000000708300000|  0%| F|  |TAMS 0x0000000708200000, 0x0000000708200000| Untracked 
|  87|0x0000000708300000, 0x0000000708300000, 0x0000000708400000|  0%| F|  |TAMS 0x0000000708300000, 0x0000000708300000| Untracked 
|  88|0x0000000708400000, 0x0000000708400000, 0x0000000708500000|  0%| F|  |TAMS 0x0000000708400000, 0x0000000708400000| Untracked 
|  89|0x0000000708500000, 0x0000000708500000, 0x0000000708600000|  0%| F|  |TAMS 0x0000000708500000, 0x0000000708500000| Untracked 
|  90|0x0000000708600000, 0x0000000708600000, 0x0000000708700000|  0%| F|  |TAMS 0x0000000708600000, 0x0000000708600000| Untracked 
|  91|0x0000000708700000, 0x0000000708700000, 0x0000000708800000|  0%| F|  |TAMS 0x0000000708700000, 0x0000000708700000| Untracked 
|  92|0x0000000708800000, 0x0000000708800000, 0x0000000708900000|  0%| F|  |TAMS 0x0000000708800000, 0x0000000708800000| Untracked 
|  93|0x0000000708900000, 0x0000000708900000, 0x0000000708a00000|  0%| F|  |TAMS 0x0000000708900000, 0x0000000708900000| Untracked 
|  94|0x0000000708a00000, 0x0000000708a00000, 0x0000000708b00000|  0%| F|  |TAMS 0x0000000708a00000, 0x0000000708a00000| Untracked 
|  95|0x0000000708b00000, 0x0000000708b00000, 0x0000000708c00000|  0%| F|  |TAMS 0x0000000708b00000, 0x0000000708b00000| Untracked 
|  96|0x0000000708c00000, 0x0000000708c00000, 0x0000000708d00000|  0%| F|  |TAMS 0x0000000708c00000, 0x0000000708c00000| Untracked 
|  97|0x0000000708d00000, 0x0000000708d00000, 0x0000000708e00000|  0%| F|  |TAMS 0x0000000708d00000, 0x0000000708d00000| Untracked 
|  98|0x0000000708e00000, 0x0000000708e00000, 0x0000000708f00000|  0%| F|  |TAMS 0x0000000708e00000, 0x0000000708e00000| Untracked 
|  99|0x0000000708f00000, 0x0000000708f00000, 0x0000000709000000|  0%| F|  |TAMS 0x0000000708f00000, 0x0000000708f00000| Untracked 
| 100|0x0000000709000000, 0x0000000709000000, 0x0000000709100000|  0%| F|  |TAMS 0x0000000709000000, 0x0000000709000000| Untracked 
| 101|0x0000000709100000, 0x0000000709100000, 0x0000000709200000|  0%| F|  |TAMS 0x0000000709100000, 0x0000000709100000| Untracked 
| 102|0x0000000709200000, 0x0000000709200000, 0x0000000709300000|  0%| F|  |TAMS 0x0000000709200000, 0x0000000709200000| Untracked 
| 103|0x0000000709300000, 0x0000000709300000, 0x0000000709400000|  0%| F|  |TAMS 0x0000000709300000, 0x0000000709300000| Untracked 
| 104|0x0000000709400000, 0x0000000709400000, 0x0000000709500000|  0%| F|  |TAMS 0x0000000709400000, 0x0000000709400000| Untracked 
| 105|0x0000000709500000, 0x0000000709500000, 0x0000000709600000|  0%| F|  |TAMS 0x0000000709500000, 0x0000000709500000| Untracked 
| 106|0x0000000709600000, 0x0000000709600000, 0x0000000709700000|  0%| F|  |TAMS 0x0000000709600000, 0x0000000709600000| Untracked 
| 107|0x0000000709700000, 0x0000000709700000, 0x0000000709800000|  0%| F|  |TAMS 0x0000000709700000, 0x0000000709700000| Untracked 
| 108|0x0000000709800000, 0x0000000709800000, 0x0000000709900000|  0%| F|  |TAMS 0x0000000709800000, 0x0000000709800000| Untracked 
| 109|0x0000000709900000, 0x0000000709900000, 0x0000000709a00000|  0%| F|  |TAMS 0x0000000709900000, 0x0000000709900000| Untracked 
| 110|0x0000000709a00000, 0x0000000709a00000, 0x0000000709b00000|  0%| F|  |TAMS 0x0000000709a00000, 0x0000000709a00000| Untracked 
| 111|0x0000000709b00000, 0x0000000709b00000, 0x0000000709c00000|  0%| F|  |TAMS 0x0000000709b00000, 0x0000000709b00000| Untracked 
| 112|0x0000000709c00000, 0x0000000709c00000, 0x0000000709d00000|  0%| F|  |TAMS 0x0000000709c00000, 0x0000000709c00000| Untracked 
| 113|0x0000000709d00000, 0x0000000709d00000, 0x0000000709e00000|  0%| F|  |TAMS 0x0000000709d00000, 0x0000000709d00000| Untracked 
| 114|0x0000000709e00000, 0x0000000709e00000, 0x0000000709f00000|  0%| F|  |TAMS 0x0000000709e00000, 0x0000000709e00000| Untracked 
| 115|0x0000000709f00000, 0x0000000709f00000, 0x000000070a000000|  0%| F|  |TAMS 0x0000000709f00000, 0x0000000709f00000| Untracked 
| 116|0x000000070a000000, 0x000000070a000000, 0x000000070a100000|  0%| F|  |TAMS 0x000000070a000000, 0x000000070a000000| Untracked 
| 117|0x000000070a100000, 0x000000070a100000, 0x000000070a200000|  0%| F|  |TAMS 0x000000070a100000, 0x000000070a100000| Untracked 
| 118|0x000000070a200000, 0x000000070a200000, 0x000000070a300000|  0%| F|  |TAMS 0x000000070a200000, 0x000000070a200000| Untracked 
| 119|0x000000070a300000, 0x000000070a300000, 0x000000070a400000|  0%| F|  |TAMS 0x000000070a300000, 0x000000070a300000| Untracked 
| 120|0x000000070a400000, 0x000000070a400000, 0x000000070a500000|  0%| F|  |TAMS 0x000000070a400000, 0x000000070a400000| Untracked 
| 121|0x000000070a500000, 0x000000070a500000, 0x000000070a600000|  0%| F|  |TAMS 0x000000070a500000, 0x000000070a500000| Untracked 
| 122|0x000000070a600000, 0x000000070a600000, 0x000000070a700000|  0%| F|  |TAMS 0x000000070a600000, 0x000000070a600000| Untracked 
| 123|0x000000070a700000, 0x000000070a700000, 0x000000070a800000|  0%| F|  |TAMS 0x000000070a700000, 0x000000070a700000| Untracked 
| 124|0x000000070a800000, 0x000000070a800000, 0x000000070a900000|  0%| F|  |TAMS 0x000000070a800000, 0x000000070a800000| Untracked 
| 125|0x000000070a900000, 0x000000070a900000, 0x000000070aa00000|  0%| F|  |TAMS 0x000000070a900000, 0x000000070a900000| Untracked 
| 126|0x000000070aa00000, 0x000000070aa00000, 0x000000070ab00000|  0%| F|  |TAMS 0x000000070aa00000, 0x000000070aa00000| Untracked 
| 127|0x000000070ab00000, 0x000000070ab00000, 0x000000070ac00000|  0%| F|  |TAMS 0x000000070ab00000, 0x000000070ab00000| Untracked 
| 128|0x000000070ac00000, 0x000000070ac00000, 0x000000070ad00000|  0%| F|  |TAMS 0x000000070ac00000, 0x000000070ac00000| Untracked 
| 129|0x000000070ad00000, 0x000000070ad00000, 0x000000070ae00000|  0%| F|  |TAMS 0x000000070ad00000, 0x000000070ad00000| Untracked 
| 130|0x000000070ae00000, 0x000000070ae00000, 0x000000070af00000|  0%| F|  |TAMS 0x000000070ae00000, 0x000000070ae00000| Untracked 
| 131|0x000000070af00000, 0x000000070af00000, 0x000000070b000000|  0%| F|  |TAMS 0x000000070af00000, 0x000000070af00000| Untracked 
| 132|0x000000070b000000, 0x000000070b000000, 0x000000070b100000|  0%| F|  |TAMS 0x000000070b000000, 0x000000070b000000| Untracked 
| 133|0x000000070b100000, 0x000000070b100000, 0x000000070b200000|  0%| F|  |TAMS 0x000000070b100000, 0x000000070b100000| Untracked 
| 134|0x000000070b200000, 0x000000070b200000, 0x000000070b300000|  0%| F|  |TAMS 0x000000070b200000, 0x000000070b200000| Untracked 
| 135|0x000000070b300000, 0x000000070b300000, 0x000000070b400000|  0%| F|  |TAMS 0x000000070b300000, 0x000000070b300000| Untracked 
| 136|0x000000070b400000, 0x000000070b400000, 0x000000070b500000|  0%| F|  |TAMS 0x000000070b400000, 0x000000070b400000| Untracked 
| 137|0x000000070b500000, 0x000000070b500000, 0x000000070b600000|  0%| F|  |TAMS 0x000000070b500000, 0x000000070b500000| Untracked 
| 138|0x000000070b600000, 0x000000070b600000, 0x000000070b700000|  0%| F|  |TAMS 0x000000070b600000, 0x000000070b600000| Untracked 
| 139|0x000000070b700000, 0x000000070b700000, 0x000000070b800000|  0%| F|  |TAMS 0x000000070b700000, 0x000000070b700000| Untracked 
| 140|0x000000070b800000, 0x000000070b800000, 0x000000070b900000|  0%| F|  |TAMS 0x000000070b800000, 0x000000070b800000| Untracked 
| 141|0x000000070b900000, 0x000000070b900000, 0x000000070ba00000|  0%| F|  |TAMS 0x000000070b900000, 0x000000070b900000| Untracked 
| 142|0x000000070ba00000, 0x000000070ba00000, 0x000000070bb00000|  0%| F|  |TAMS 0x000000070ba00000, 0x000000070ba00000| Untracked 
| 143|0x000000070bb00000, 0x000000070bb00000, 0x000000070bc00000|  0%| F|  |TAMS 0x000000070bb00000, 0x000000070bb00000| Untracked 
| 144|0x000000070bc00000, 0x000000070bc00000, 0x000000070bd00000|  0%| F|  |TAMS 0x000000070bc00000, 0x000000070bc00000| Untracked 
| 145|0x000000070bd00000, 0x000000070bd00000, 0x000000070be00000|  0%| F|  |TAMS 0x000000070bd00000, 0x000000070bd00000| Untracked 
| 146|0x000000070be00000, 0x000000070be00000, 0x000000070bf00000|  0%| F|  |TAMS 0x000000070be00000, 0x000000070be00000| Untracked 
| 147|0x000000070bf00000, 0x000000070bf00000, 0x000000070c000000|  0%| F|  |TAMS 0x000000070bf00000, 0x000000070bf00000| Untracked 
| 148|0x000000070c000000, 0x000000070c000000, 0x000000070c100000|  0%| F|  |TAMS 0x000000070c000000, 0x000000070c000000| Untracked 
| 149|0x000000070c100000, 0x000000070c100000, 0x000000070c200000|  0%| F|  |TAMS 0x000000070c100000, 0x000000070c100000| Untracked 
| 150|0x000000070c200000, 0x000000070c200000, 0x000000070c300000|  0%| F|  |TAMS 0x000000070c200000, 0x000000070c200000| Untracked 
| 151|0x000000070c300000, 0x000000070c300000, 0x000000070c400000|  0%| F|  |TAMS 0x000000070c300000, 0x000000070c300000| Untracked 
| 152|0x000000070c400000, 0x000000070c400000, 0x000000070c500000|  0%| F|  |TAMS 0x000000070c400000, 0x000000070c400000| Untracked 
| 153|0x000000070c500000, 0x000000070c500000, 0x000000070c600000|  0%| F|  |TAMS 0x000000070c500000, 0x000000070c500000| Untracked 
| 154|0x000000070c600000, 0x000000070c600000, 0x000000070c700000|  0%| F|  |TAMS 0x000000070c600000, 0x000000070c600000| Untracked 
| 155|0x000000070c700000, 0x000000070c700000, 0x000000070c800000|  0%| F|  |TAMS 0x000000070c700000, 0x000000070c700000| Untracked 
| 156|0x000000070c800000, 0x000000070c800000, 0x000000070c900000|  0%| F|  |TAMS 0x000000070c800000, 0x000000070c800000| Untracked 
| 157|0x000000070c900000, 0x000000070c900000, 0x000000070ca00000|  0%| F|  |TAMS 0x000000070c900000, 0x000000070c900000| Untracked 
| 158|0x000000070ca00000, 0x000000070ca00000, 0x000000070cb00000|  0%| F|  |TAMS 0x000000070ca00000, 0x000000070ca00000| Untracked 
| 159|0x000000070cb00000, 0x000000070cb00000, 0x000000070cc00000|  0%| F|  |TAMS 0x000000070cb00000, 0x000000070cb00000| Untracked 
| 160|0x000000070cc00000, 0x000000070cc00000, 0x000000070cd00000|  0%| F|  |TAMS 0x000000070cc00000, 0x000000070cc00000| Untracked 
| 161|0x000000070cd00000, 0x000000070cd00000, 0x000000070ce00000|  0%| F|  |TAMS 0x000000070cd00000, 0x000000070cd00000| Untracked 
| 162|0x000000070ce00000, 0x000000070ce00000, 0x000000070cf00000|  0%| F|  |TAMS 0x000000070ce00000, 0x000000070ce00000| Untracked 
| 163|0x000000070cf00000, 0x000000070cf00000, 0x000000070d000000|  0%| F|  |TAMS 0x000000070cf00000, 0x000000070cf00000| Untracked 
| 164|0x000000070d000000, 0x000000070d000000, 0x000000070d100000|  0%| F|  |TAMS 0x000000070d000000, 0x000000070d000000| Untracked 
| 165|0x000000070d100000, 0x000000070d100000, 0x000000070d200000|  0%| F|  |TAMS 0x000000070d100000, 0x000000070d100000| Untracked 
| 166|0x000000070d200000, 0x000000070d200000, 0x000000070d300000|  0%| F|  |TAMS 0x000000070d200000, 0x000000070d200000| Untracked 
| 167|0x000000070d300000, 0x000000070d300000, 0x000000070d400000|  0%| F|  |TAMS 0x000000070d300000, 0x000000070d300000| Untracked 
| 168|0x000000070d400000, 0x000000070d400000, 0x000000070d500000|  0%| F|  |TAMS 0x000000070d400000, 0x000000070d400000| Untracked 
| 169|0x000000070d500000, 0x000000070d500000, 0x000000070d600000|  0%| F|  |TAMS 0x000000070d500000, 0x000000070d500000| Untracked 
| 170|0x000000070d600000, 0x000000070d600000, 0x000000070d700000|  0%| F|  |TAMS 0x000000070d600000, 0x000000070d600000| Untracked 
| 171|0x000000070d700000, 0x000000070d700000, 0x000000070d800000|  0%| F|  |TAMS 0x000000070d700000, 0x000000070d700000| Untracked 
| 172|0x000000070d800000, 0x000000070d800000, 0x000000070d900000|  0%| F|  |TAMS 0x000000070d800000, 0x000000070d800000| Untracked 
| 173|0x000000070d900000, 0x000000070d900000, 0x000000070da00000|  0%| F|  |TAMS 0x000000070d900000, 0x000000070d900000| Untracked 
| 174|0x000000070da00000, 0x000000070da00000, 0x000000070db00000|  0%| F|  |TAMS 0x000000070da00000, 0x000000070da00000| Untracked 
| 175|0x000000070db00000, 0x000000070db00000, 0x000000070dc00000|  0%| F|  |TAMS 0x000000070db00000, 0x000000070db00000| Untracked 
| 176|0x000000070dc00000, 0x000000070dc00000, 0x000000070dd00000|  0%| F|  |TAMS 0x000000070dc00000, 0x000000070dc00000| Untracked 
| 177|0x000000070dd00000, 0x000000070dd00000, 0x000000070de00000|  0%| F|  |TAMS 0x000000070dd00000, 0x000000070dd00000| Untracked 
| 178|0x000000070de00000, 0x000000070de00000, 0x000000070df00000|  0%| F|  |TAMS 0x000000070de00000, 0x000000070de00000| Untracked 
| 179|0x000000070df00000, 0x000000070df00000, 0x000000070e000000|  0%| F|  |TAMS 0x000000070df00000, 0x000000070df00000| Untracked 
| 180|0x000000070e000000, 0x000000070e000000, 0x000000070e100000|  0%| F|  |TAMS 0x000000070e000000, 0x000000070e000000| Untracked 
| 181|0x000000070e100000, 0x000000070e100000, 0x000000070e200000|  0%| F|  |TAMS 0x000000070e100000, 0x000000070e100000| Untracked 
| 182|0x000000070e200000, 0x000000070e200000, 0x000000070e300000|  0%| F|  |TAMS 0x000000070e200000, 0x000000070e200000| Untracked 
| 183|0x000000070e300000, 0x000000070e300000, 0x000000070e400000|  0%| F|  |TAMS 0x000000070e300000, 0x000000070e300000| Untracked 
| 184|0x000000070e400000, 0x000000070e400000, 0x000000070e500000|  0%| F|  |TAMS 0x000000070e400000, 0x000000070e400000| Untracked 
| 185|0x000000070e500000, 0x000000070e500000, 0x000000070e600000|  0%| F|  |TAMS 0x000000070e500000, 0x000000070e500000| Untracked 
| 186|0x000000070e600000, 0x000000070e600000, 0x000000070e700000|  0%| F|  |TAMS 0x000000070e600000, 0x000000070e600000| Untracked 
| 187|0x000000070e700000, 0x000000070e700000, 0x000000070e800000|  0%| F|  |TAMS 0x000000070e700000, 0x000000070e700000| Untracked 
| 188|0x000000070e800000, 0x000000070e800000, 0x000000070e900000|  0%| F|  |TAMS 0x000000070e800000, 0x000000070e800000| Untracked 
| 189|0x000000070e900000, 0x000000070e900000, 0x000000070ea00000|  0%| F|  |TAMS 0x000000070e900000, 0x000000070e900000| Untracked 
| 190|0x000000070ea00000, 0x000000070ea00000, 0x000000070eb00000|  0%| F|  |TAMS 0x000000070ea00000, 0x000000070ea00000| Untracked 
| 191|0x000000070eb00000, 0x000000070eb00000, 0x000000070ec00000|  0%| F|  |TAMS 0x000000070eb00000, 0x000000070eb00000| Untracked 
| 192|0x000000070ec00000, 0x000000070ec00000, 0x000000070ed00000|  0%| F|  |TAMS 0x000000070ec00000, 0x000000070ec00000| Untracked 
| 193|0x000000070ed00000, 0x000000070ed00000, 0x000000070ee00000|  0%| F|  |TAMS 0x000000070ed00000, 0x000000070ed00000| Untracked 
| 194|0x000000070ee00000, 0x000000070ee00000, 0x000000070ef00000|  0%| F|  |TAMS 0x000000070ee00000, 0x000000070ee00000| Untracked 
| 195|0x000000070ef00000, 0x000000070f000000, 0x000000070f000000|100%| E|  |TAMS 0x000000070ef00000, 0x000000070ef00000| Complete 
| 196|0x000000070f000000, 0x000000070f100000, 0x000000070f100000|100%| E|CS|TAMS 0x000000070f000000, 0x000000070f000000| Complete 
| 197|0x000000070f100000, 0x000000070f200000, 0x000000070f200000|100%| E|CS|TAMS 0x000000070f100000, 0x000000070f100000| Complete 
| 198|0x000000070f200000, 0x000000070f300000, 0x000000070f300000|100%| E|CS|TAMS 0x000000070f200000, 0x000000070f200000| Complete 
| 199|0x000000070f300000, 0x000000070f400000, 0x000000070f400000|100%| E|CS|TAMS 0x000000070f300000, 0x000000070f300000| Complete 
| 200|0x000000070f400000, 0x000000070f500000, 0x000000070f500000|100%| E|CS|TAMS 0x000000070f400000, 0x000000070f400000| Complete 
| 201|0x000000070f500000, 0x000000070f600000, 0x000000070f600000|100%| E|CS|TAMS 0x000000070f500000, 0x000000070f500000| Complete 
| 202|0x000000070f600000, 0x000000070f700000, 0x000000070f700000|100%| E|CS|TAMS 0x000000070f600000, 0x000000070f600000| Complete 
| 203|0x000000070f700000, 0x000000070f800000, 0x000000070f800000|100%| E|CS|TAMS 0x000000070f700000, 0x000000070f700000| Complete 
| 204|0x000000070f800000, 0x000000070f900000, 0x000000070f900000|100%| E|CS|TAMS 0x000000070f800000, 0x000000070f800000| Complete 
| 205|0x000000070f900000, 0x000000070fa00000, 0x000000070fa00000|100%| E|CS|TAMS 0x000000070f900000, 0x000000070f900000| Complete 
| 206|0x000000070fa00000, 0x000000070fb00000, 0x000000070fb00000|100%| E|CS|TAMS 0x000000070fa00000, 0x000000070fa00000| Complete 
| 207|0x000000070fb00000, 0x000000070fc00000, 0x000000070fc00000|100%| E|CS|TAMS 0x000000070fb00000, 0x000000070fb00000| Complete 
| 208|0x000000070fc00000, 0x000000070fd00000, 0x000000070fd00000|100%| E|CS|TAMS 0x000000070fc00000, 0x000000070fc00000| Complete 
| 209|0x000000070fd00000, 0x000000070fe00000, 0x000000070fe00000|100%| E|CS|TAMS 0x000000070fd00000, 0x000000070fd00000| Complete 
| 210|0x000000070fe00000, 0x000000070ff00000, 0x000000070ff00000|100%| E|CS|TAMS 0x000000070fe00000, 0x000000070fe00000| Complete 
| 211|0x000000070ff00000, 0x0000000710000000, 0x0000000710000000|100%| E|CS|TAMS 0x000000070ff00000, 0x000000070ff00000| Complete 
| 212|0x0000000710000000, 0x0000000710100000, 0x0000000710100000|100%| E|CS|TAMS 0x0000000710000000, 0x0000000710000000| Complete 
| 213|0x0000000710100000, 0x0000000710200000, 0x0000000710200000|100%| E|CS|TAMS 0x0000000710100000, 0x0000000710100000| Complete 
| 214|0x0000000710200000, 0x0000000710300000, 0x0000000710300000|100%| E|CS|TAMS 0x0000000710200000, 0x0000000710200000| Complete 
| 215|0x0000000710300000, 0x0000000710400000, 0x0000000710400000|100%| E|CS|TAMS 0x0000000710300000, 0x0000000710300000| Complete 
| 216|0x0000000710400000, 0x0000000710500000, 0x0000000710500000|100%| E|CS|TAMS 0x0000000710400000, 0x0000000710400000| Complete 
| 217|0x0000000710500000, 0x0000000710600000, 0x0000000710600000|100%| E|CS|TAMS 0x0000000710500000, 0x0000000710500000| Complete 
| 218|0x0000000710600000, 0x0000000710700000, 0x0000000710700000|100%| E|CS|TAMS 0x0000000710600000, 0x0000000710600000| Complete 
| 219|0x0000000710700000, 0x0000000710800000, 0x0000000710800000|100%| E|CS|TAMS 0x0000000710700000, 0x0000000710700000| Complete 
| 220|0x0000000710800000, 0x0000000710900000, 0x0000000710900000|100%| E|CS|TAMS 0x0000000710800000, 0x0000000710800000| Complete 
| 221|0x0000000710900000, 0x0000000710a00000, 0x0000000710a00000|100%| E|CS|TAMS 0x0000000710900000, 0x0000000710900000| Complete 
| 222|0x0000000710a00000, 0x0000000710b00000, 0x0000000710b00000|100%| E|CS|TAMS 0x0000000710a00000, 0x0000000710a00000| Complete 
| 223|0x0000000710b00000, 0x0000000710c00000, 0x0000000710c00000|100%| E|CS|TAMS 0x0000000710b00000, 0x0000000710b00000| Complete 
| 224|0x0000000710c00000, 0x0000000710d00000, 0x0000000710d00000|100%| E|CS|TAMS 0x0000000710c00000, 0x0000000710c00000| Complete 
| 225|0x0000000710d00000, 0x0000000710e00000, 0x0000000710e00000|100%| E|CS|TAMS 0x0000000710d00000, 0x0000000710d00000| Complete 
| 226|0x0000000710e00000, 0x0000000710f00000, 0x0000000710f00000|100%| E|CS|TAMS 0x0000000710e00000, 0x0000000710e00000| Complete 
| 227|0x0000000710f00000, 0x0000000711000000, 0x0000000711000000|100%| E|CS|TAMS 0x0000000710f00000, 0x0000000710f00000| Complete 
| 228|0x0000000711000000, 0x0000000711100000, 0x0000000711100000|100%| E|CS|TAMS 0x0000000711000000, 0x0000000711000000| Complete 
| 229|0x0000000711100000, 0x0000000711200000, 0x0000000711200000|100%| E|CS|TAMS 0x0000000711100000, 0x0000000711100000| Complete 
| 230|0x0000000711200000, 0x0000000711300000, 0x0000000711300000|100%| E|CS|TAMS 0x0000000711200000, 0x0000000711200000| Complete 
| 231|0x0000000711300000, 0x0000000711400000, 0x0000000711400000|100%| E|CS|TAMS 0x0000000711300000, 0x0000000711300000| Complete 
| 232|0x0000000711400000, 0x0000000711500000, 0x0000000711500000|100%| E|CS|TAMS 0x0000000711400000, 0x0000000711400000| Complete 
| 233|0x0000000711500000, 0x0000000711600000, 0x0000000711600000|100%| E|CS|TAMS 0x0000000711500000, 0x0000000711500000| Complete 
| 234|0x0000000711600000, 0x0000000711700000, 0x0000000711700000|100%| E|CS|TAMS 0x0000000711600000, 0x0000000711600000| Complete 
| 235|0x0000000711700000, 0x0000000711800000, 0x0000000711800000|100%| E|CS|TAMS 0x0000000711700000, 0x0000000711700000| Complete 
| 236|0x0000000711800000, 0x0000000711900000, 0x0000000711900000|100%| E|CS|TAMS 0x0000000711800000, 0x0000000711800000| Complete 
| 237|0x0000000711900000, 0x0000000711a00000, 0x0000000711a00000|100%| E|CS|TAMS 0x0000000711900000, 0x0000000711900000| Complete 
| 238|0x0000000711a00000, 0x0000000711b00000, 0x0000000711b00000|100%| E|CS|TAMS 0x0000000711a00000, 0x0000000711a00000| Complete 
| 239|0x0000000711b00000, 0x0000000711c00000, 0x0000000711c00000|100%| E|CS|TAMS 0x0000000711b00000, 0x0000000711b00000| Complete 
| 240|0x0000000711c00000, 0x0000000711ccf980, 0x0000000711d00000| 81%| S|CS|TAMS 0x0000000711c00000, 0x0000000711c00000| Complete 
| 241|0x0000000711d00000, 0x0000000711e00000, 0x0000000711e00000|100%| S|CS|TAMS 0x0000000711d00000, 0x0000000711d00000| Complete 
| 242|0x0000000711e00000, 0x0000000711f00000, 0x0000000711f00000|100%| E|CS|TAMS 0x0000000711e00000, 0x0000000711e00000| Complete 
| 243|0x0000000711f00000, 0x0000000712000000, 0x0000000712000000|100%| E|CS|TAMS 0x0000000711f00000, 0x0000000711f00000| Complete 
| 244|0x0000000712000000, 0x0000000712100000, 0x0000000712100000|100%| E|CS|TAMS 0x0000000712000000, 0x0000000712000000| Complete 
| 245|0x0000000712100000, 0x0000000712200000, 0x0000000712200000|100%| E|CS|TAMS 0x0000000712100000, 0x0000000712100000| Complete 
| 246|0x0000000712200000, 0x0000000712300000, 0x0000000712300000|100%| E|CS|TAMS 0x0000000712200000, 0x0000000712200000| Complete 
| 247|0x0000000712300000, 0x0000000712400000, 0x0000000712400000|100%| E|CS|TAMS 0x0000000712300000, 0x0000000712300000| Complete 
| 248|0x0000000712400000, 0x0000000712500000, 0x0000000712500000|100%| E|CS|TAMS 0x0000000712400000, 0x0000000712400000| Complete 
| 249|0x0000000712500000, 0x0000000712600000, 0x0000000712600000|100%| E|CS|TAMS 0x0000000712500000, 0x0000000712500000| Complete 
| 250|0x0000000712600000, 0x0000000712700000, 0x0000000712700000|100%| E|CS|TAMS 0x0000000712600000, 0x0000000712600000| Complete 
| 251|0x0000000712700000, 0x0000000712800000, 0x0000000712800000|100%| E|CS|TAMS 0x0000000712700000, 0x0000000712700000| Complete 
| 252|0x0000000712800000, 0x0000000712900000, 0x0000000712900000|100%| E|CS|TAMS 0x0000000712800000, 0x0000000712800000| Complete 
| 253|0x0000000712900000, 0x0000000712a00000, 0x0000000712a00000|100%| E|CS|TAMS 0x0000000712900000, 0x0000000712900000| Complete 

Card table byte_map: [0x00000297ded30000,0x00000297df520000] _byte_map_base: 0x00000297db51a000

Marking Bits (Prev, Next): (CMBitMap*) 0x00000297c9613f68, (CMBitMap*) 0x00000297c9613fa0
 Prev Bits: [0x00000297dfd10000, 0x00000297e3c60000)
 Next Bits: [0x00000297e3c60000, 0x00000297e7bb0000)

Polling page: 0x00000297c9680000

Metaspace:

Usage:
  Non-class:     41.49 MB capacity,    41.15 MB (>99%) used,   282.11 KB ( <1%) free+waste,    68.56 KB ( <1%) overhead. 
      Class:      5.63 MB capacity,     5.42 MB ( 96%) used,   188.52 KB (  3%) free+waste,    29.81 KB ( <1%) overhead. 
       Both:     47.12 MB capacity,    46.57 MB ( 99%) used,   470.62 KB ( <1%) free+waste,    98.38 KB ( <1%) overhead. 

Virtual space:
  Non-class space:       42.00 MB reserved,      41.66 MB (>99%) committed 
      Class space:        1.00 GB reserved,       5.67 MB ( <1%) committed 
             Both:        1.04 GB reserved,      47.33 MB (  4%) committed 

Chunk freelists:
   Non-Class:  44.00 KB
       Class:  22.00 KB
        Both:  66.00 KB

MaxMetaspaceSize: 17179869184.00 GB
CompressedClassSpaceSize: 1.00 GB
Initial GC threshold: 20.80 MB
Current GC threshold: 58.88 MB
CDS: off

CodeHeap 'non-profiled nmethods': size=120000Kb used=1544Kb max_used=1544Kb free=118456Kb
 bounds [0x00000297d6370000, 0x00000297d65e0000, 0x00000297dd8a0000]
CodeHeap 'profiled nmethods': size=120000Kb used=6812Kb max_used=6812Kb free=113187Kb
 bounds [0x00000297cee40000, 0x00000297cf4f0000, 0x00000297d6370000]
CodeHeap 'non-nmethods': size=5760Kb used=1322Kb max_used=1322Kb free=4437Kb
 bounds [0x00000297ce8a0000, 0x00000297ceb10000, 0x00000297cee40000]
 total_blobs=3967 nmethods=3409 adapters=468
 compilation: enabled
              stopped_count=0, restarted_count=0
 full_count=0

Compilation events (20 events):
Event: 2.409 Thread 0x00000297eb223800 nmethod 3400 0x00000297cf4dd790 code [0x00000297cf4dd980, 0x00000297cf4ddd98]
Event: 2.413 Thread 0x00000297eb223800 3402       3       gnu.trove.THashMap::get (21 bytes)
Event: 2.413 Thread 0x00000297eb223800 nmethod 3402 0x00000297cf4ddf10 code [0x00000297cf4de0e0, 0x00000297cf4de348]
Event: 2.413 Thread 0x00000297eb223800 3403       1       org.jetbrains.kotlin.load.java.lazy.JavaResolverComponents::getStorageManager (5 bytes)
Event: 2.413 Thread 0x00000297eb223800 nmethod 3403 0x00000297d64ece90 code [0x00000297d64ed040, 0x00000297d64ed0f8]
Event: 2.414 Thread 0x00000297eb223800 3404       3       org.jetbrains.kotlin.protobuf.CodedInputStream::readRawVarint64 (305 bytes)
Event: 2.415 Thread 0x00000297eb223800 nmethod 3404 0x00000297cf4de490 code [0x00000297cf4de6a0, 0x00000297cf4dee68]
Event: 2.415 Thread 0x00000297eb223800 3405   !   3       org.jetbrains.kotlin.metadata.ProtoBuf$Annotation$Argument$Value::<init> (719 bytes)
Event: 2.417 Thread 0x00000297eb3d6800 nmethod 3397 0x00000297d64ed190 code [0x00000297d64ed3a0, 0x00000297d64eded0]
Event: 2.417 Thread 0x00000297eb3d6800 3419       4       org.jetbrains.kotlin.protobuf.CodedInputStream::readInt32 (5 bytes)
Event: 2.419 Thread 0x00000297eb223800 nmethod 3405 0x00000297cf4df010 code [0x00000297cf4df7e0, 0x00000297cf4e5358]
Event: 2.419 Thread 0x00000297eb223800 3412   !   3       org.jetbrains.kotlin.metadata.ProtoBuf$Class::<init> (2890 bytes)
Event: 2.421 Thread 0x00000297eb3d6800 nmethod 3419 0x00000297d64ee890 code [0x00000297d64eea40, 0x00000297d64eed68]
Event: 2.421 Thread 0x00000297eb3d6800 3406       4       org.jetbrains.kotlin.protobuf.GeneratedMessageLite$ExtendableMessage::makeExtensionsImmutable (8 bytes)
Event: 2.431 Thread 0x00000297eb3d6800 nmethod 3406 0x00000297d64eef10 code [0x00000297d64ef120, 0x00000297d64ef998]
Event: 2.431 Thread 0x00000297eb3d6800 3427       4       java.lang.String::substring (58 bytes)
Event: 2.435 Thread 0x00000297eb3d6800 nmethod 3427 0x00000297d64f0010 code [0x00000297d64f01c0, 0x00000297d64f06e8]
Event: 2.435 Thread 0x00000297eb3d6800 3426       4       org.jetbrains.kotlin.com.intellij.openapi.vfs.impl.jar.CoreJarVirtualFile::getNameSequence (13 bytes)
Event: 2.436 Thread 0x00000297eb3d6800 nmethod 3426 0x00000297d64f0990 code [0x00000297d64f0b20, 0x00000297d64f0b98]
Event: 2.436 Thread 0x00000297eb3d6800 3428       4       java.lang.String::<init> (74 bytes)

GC Heap History (10 events):
Event: 0.448 GC heap before
{Heap before GC invocations=0 (full 0):
 garbage-first heap   total 260096K, used 28672K [0x0000000702c00000, 0x0000000800000000)
  region size 1024K, 24 young (24576K), 0 survivors (0K)
 Metaspace       used 12124K, capacity 12280K, committed 12544K, reserved 1060864K
  class space    used 1118K, capacity 1175K, committed 1280K, reserved 1048576K
}
Event: 0.450 GC heap after
{Heap after GC invocations=1 (full 0):
 garbage-first heap   total 260096K, used 6872K [0x0000000702c00000, 0x0000000800000000)
  region size 1024K, 3 young (3072K), 3 survivors (3072K)
 Metaspace       used 12124K, capacity 12280K, committed 12544K, reserved 1060864K
  class space    used 1118K, capacity 1175K, committed 1280K, reserved 1048576K
}
Event: 0.922 GC heap before
{Heap before GC invocations=1 (full 0):
 garbage-first heap   total 260096K, used 44760K [0x0000000702c00000, 0x0000000800000000)
  region size 1024K, 41 young (41984K), 3 survivors (3072K)
 Metaspace       used 21050K, capacity 21199K, committed 21296K, reserved 1069056K
  class space    used 2225K, capacity 2308K, committed 2352K, reserved 1048576K
}
Event: 0.931 GC heap after
{Heap after GC invocations=2 (full 0):
 garbage-first heap   total 260096K, used 10332K [0x0000000702c00000, 0x0000000800000000)
  region size 1024K, 7 young (7168K), 7 survivors (7168K)
 Metaspace       used 21050K, capacity 21199K, committed 21296K, reserved 1069056K
  class space    used 2225K, capacity 2308K, committed 2352K, reserved 1048576K
}
Event: 1.536 GC heap before
{Heap before GC invocations=3 (full 0):
 garbage-first heap   total 260096K, used 69724K [0x0000000702c00000, 0x0000000800000000)
  region size 1024K, 59 young (60416K), 7 survivors (7168K)
 Metaspace       used 31842K, capacity 32258K, committed 32560K, reserved 1077248K
  class space    used 3930K, capacity 4111K, committed 4144K, reserved 1048576K
}
Event: 1.545 GC heap after
{Heap after GC invocations=4 (full 0):
 garbage-first heap   total 260096K, used 24162K [0x0000000702c00000, 0x0000000800000000)
  region size 1024K, 8 young (8192K), 8 survivors (8192K)
 Metaspace       used 31842K, capacity 32258K, committed 32560K, reserved 1077248K
  class space    used 3930K, capacity 4111K, committed 4144K, reserved 1048576K
}
Event: 1.617 GC heap before
{Heap before GC invocations=4 (full 0):
 garbage-first heap   total 260096K, used 30306K [0x0000000702c00000, 0x0000000800000000)
  region size 1024K, 14 young (14336K), 8 survivors (8192K)
 Metaspace       used 33488K, capacity 33929K, committed 34096K, reserved 1079296K
  class space    used 4122K, capacity 4306K, committed 4400K, reserved 1048576K
}
Event: 1.623 GC heap after
{Heap after GC invocations=5 (full 0):
 garbage-first heap   total 260096K, used 25703K [0x0000000702c00000, 0x0000000800000000)
  region size 1024K, 2 young (2048K), 2 survivors (2048K)
 Metaspace       used 33488K, capacity 33929K, committed 34096K, reserved 1079296K
  class space    used 4122K, capacity 4306K, committed 4400K, reserved 1048576K
}
Event: 1.731 GC heap before
{Heap before GC invocations=5 (full 0):
 garbage-first heap   total 260096K, used 34919K [0x0000000702c00000, 0x0000000800000000)
  region size 1024K, 12 young (12288K), 2 survivors (2048K)
 Metaspace       used 35385K, capacity 35785K, committed 35920K, reserved 1081344K
  class space    used 4315K, capacity 4498K, committed 4528K, reserved 1048576K
}
Event: 1.733 GC heap after
{Heap after GC invocations=6 (full 0):
 garbage-first heap   total 260096K, used 26303K [0x0000000702c00000, 0x0000000800000000)
  region size 1024K, 2 young (2048K), 2 survivors (2048K)
 Metaspace       used 35385K, capacity 35785K, committed 35920K, reserved 1081344K
  class space    used 4315K, capacity 4498K, committed 4528K, reserved 1048576K
}

Deoptimization events (20 events):
Event: 2.414 Thread 0x00000297c95b4000 DEOPT PACKING pc=0x00000297d64941ec sp=0x0000009ba33f8840
Event: 2.414 Thread 0x00000297c95b4000 DEOPT UNPACKING pc=0x00000297ce8ea1af sp=0x0000009ba33f8728 mode 2
Event: 2.416 Thread 0x00000297c95b4000 Uncommon trap: trap_request=0xffffffc6 fr.pc=0x00000297d64941ec relative=0x00000000000005ec
Event: 2.416 Thread 0x00000297c95b4000 Uncommon trap: reason=bimorphic_or_optimized_type_check action=maybe_recompile pc=0x00000297d64941ec method=org.jetbrains.kotlin.protobuf.CodedInputStream.tryRefillBuffer(I)Z @ 177 c2
Event: 2.416 Thread 0x00000297c95b4000 DEOPT PACKING pc=0x00000297d64941ec sp=0x0000009ba33f80d0
Event: 2.416 Thread 0x00000297c95b4000 DEOPT UNPACKING pc=0x00000297ce8ea1af sp=0x0000009ba33f7fb0 mode 2
Event: 2.417 Thread 0x00000297c95b4000 Uncommon trap: trap_request=0xffffffc6 fr.pc=0x00000297d64941ec relative=0x00000000000005ec
Event: 2.417 Thread 0x00000297c95b4000 Uncommon trap: reason=bimorphic_or_optimized_type_check action=maybe_recompile pc=0x00000297d64941ec method=org.jetbrains.kotlin.protobuf.CodedInputStream.tryRefillBuffer(I)Z @ 177 c2
Event: 2.417 Thread 0x00000297c95b4000 DEOPT PACKING pc=0x00000297d64941ec sp=0x0000009ba33f8840
Event: 2.417 Thread 0x00000297c95b4000 DEOPT UNPACKING pc=0x00000297ce8ea1af sp=0x0000009ba33f8728 mode 2
Event: 2.421 Thread 0x00000297c95b4000 Uncommon trap: trap_request=0xffffff4d fr.pc=0x00000297d64e8a34 relative=0x0000000000000554
Event: 2.421 Thread 0x00000297c95b4000 Uncommon trap: reason=unstable_if action=reinterpret pc=0x00000297d64e8a34 method=org.jetbrains.org.objectweb.asm.ClassReader.readUtf(II[C)Ljava/lang/String; @ 41 c2
Event: 2.421 Thread 0x00000297c95b4000 DEOPT PACKING pc=0x00000297d64e8a34 sp=0x0000009ba33f8580
Event: 2.421 Thread 0x00000297c95b4000 DEOPT UNPACKING pc=0x00000297ce8ea1af sp=0x0000009ba33f8528 mode 2
Event: 2.427 Thread 0x00000297c95b4000 DEOPT PACKING pc=0x00000297cf3e5eff sp=0x0000009ba33f8a50
Event: 2.427 Thread 0x00000297c95b4000 DEOPT UNPACKING pc=0x00000297ce8ea95e sp=0x0000009ba33f7ea0 mode 0
Event: 2.435 Thread 0x00000297c95b4000 Uncommon trap: trap_request=0xffffffc6 fr.pc=0x00000297d64941ec relative=0x00000000000005ec
Event: 2.435 Thread 0x00000297c95b4000 Uncommon trap: reason=bimorphic_or_optimized_type_check action=maybe_recompile pc=0x00000297d64941ec method=org.jetbrains.kotlin.protobuf.CodedInputStream.tryRefillBuffer(I)Z @ 177 c2
Event: 2.435 Thread 0x00000297c95b4000 DEOPT PACKING pc=0x00000297d64941ec sp=0x0000009ba33f8d70
Event: 2.435 Thread 0x00000297c95b4000 DEOPT UNPACKING pc=0x00000297ce8ea1af sp=0x0000009ba33f8c58 mode 2

Classes redefined (0 events):
No events

Internal exceptions (20 events):
Event: 0.905 Thread 0x00000297c95b4000 Exception <a 'java/lang/NoSuchMethodError'{0x000000071025cb08}: 'long java.lang.invoke.DirectMethodHandle$Holder.invokeStatic(java.lang.Object)'> (0x000000071025cb08) thrown at [src/hotspot/share/interpreter/linkResolver.cpp, line 773]
Event: 0.905 Thread 0x00000297c95b4000 Exception <a 'java/lang/NoSuchMethodError'{0x000000071025f960}: 'long java.lang.invoke.DirectMethodHandle$Holder.invokeStaticInit(java.lang.Object)'> (0x000000071025f960) thrown at [src/hotspot/share/interpreter/linkResolver.cpp, line 773]
Event: 0.920 Thread 0x00000297c95b4000 Exception <a 'java/lang/NoSuchMethodError'{0x00000007101d0c28}: 'int java.lang.invoke.DirectMethodHandle$Holder.invokeSpecialIFC(java.lang.Object, java.lang.Object, int)'> (0x00000007101d0c28) thrown at [src/hotspot/share/interpreter/linkResolver.cpp, line 773]
Event: 0.957 Thread 0x00000297c95b4000 Exception <a 'java/lang/NoSuchMethodError'{0x0000000712628410}: 'int java.lang.invoke.DirectMethodHandle$Holder.invokeStaticInit(java.lang.Object, java.lang.Object, java.lang.Object)'> (0x0000000712628410) thrown at [src/hotspot/share/interpreter/linkResolver.cpp, line 773]
Event: 0.960 Thread 0x00000297c95b4000 Exception <a 'java/lang/NoSuchMethodError'{0x0000000712653c90}: 'int java.lang.invoke.DirectMethodHandle$Holder.invokeStaticInit(java.lang.Object, java.lang.Object)'> (0x0000000712653c90) thrown at [src/hotspot/share/interpreter/linkResolver.cpp, line 773]
Event: 0.991 Thread 0x00000297c95b4000 Exception <a 'java/lang/NoSuchMethodError'{0x0000000712468118}: 'void java.lang.invoke.DirectMethodHandle$Holder.invokeSpecial(java.lang.Object, java.lang.Object)'> (0x0000000712468118) thrown at [src/hotspot/share/interpreter/linkResolver.cpp, line 773]
Event: 1.105 Thread 0x00000297c95b4000 Exception <a 'java/lang/NoSuchMethodError'{0x0000000711b1dfd0}: 'java.lang.Object java.lang.invoke.DirectMethodHandle$Holder.invokeStatic(java.lang.Object, java.lang.Object, java.lang.Object, java.lang.Object, java.lang.Object, java.lang.Object, java.lang.Object, java.lang.Object, java.lang.Object, java.lang.Object, java.lang.Object, java.lang.Object, java.lang.Object, java.lang.Object, java.lang.Object)'> (0x0000000711b1dfd0) thrown at [src/hotspot/share/interpreter/linkResolver.cpp, line 773]
Event: 1.106 Thread 0x00000297c95b4000 Exception <a 'java/lang/NoSuchMethodError'{0x0000000711b2bfd8}: 'java.lang.Object java.lang.invoke.DirectMethodHandle$Holder.invokeStatic(java.lang.Object, java.lang.Object, java.lang.Object, java.lang.Object, java.lang.Object, java.lang.Object, java.lang.Object, java.lang.Object, java.lang.Object, java.lang.Object, java.lang.Object, java.lang.Object, java.lang.Object, java.lang.Object, java.lang.Object, java.lang.Object)'> (0x0000000711b2bfd8) thrown at [src/hotspot/share/interpreter/linkResolver.cpp, lin
Event: 1.107 Thread 0x00000297c95b4000 Exception <a 'java/lang/NoSuchMethodError'{0x0000000711b39ef0}: 'java.lang.Object java.lang.invoke.DirectMethodHandle$Holder.invokeSpecial(java.lang.Object, java.lang.Object, int, int, java.lang.Object, java.lang.Object, java.lang.Object)'> (0x0000000711b39ef0) thrown at [src/hotspot/share/interpreter/linkResolver.cpp, line 773]
Event: 1.107 Thread 0x00000297c95b4000 Exception <a 'java/lang/NoSuchMethodError'{0x0000000711b3d728}: 'java.lang.Object java.lang.invoke.DelegatingMethodHandle$Holder.reinvoke_L(java.lang.Object, int, int, java.lang.Object, java.lang.Object, java.lang.Object)'> (0x0000000711b3d728) thrown at [src/hotspot/share/interpreter/linkResolver.cpp, line 773]
Event: 1.107 Thread 0x00000297c95b4000 Exception <a 'java/lang/NoSuchMethodError'{0x0000000711b41ab0}: 'java.lang.Object java.lang.invoke.DirectMethodHandle$Holder.invokeStatic(java.lang.Object, java.lang.Object, java.lang.Object, java.lang.Object, int)'> (0x0000000711b41ab0) thrown at [src/hotspot/share/interpreter/linkResolver.cpp, line 773]
Event: 1.132 Thread 0x00000297c95b4000 Exception <a 'java/lang/NoSuchMethodError'{0x0000000711a68070}: 'void java.lang.invoke.DirectMethodHandle$Holder.invokeStatic(java.lang.Object, java.lang.Object, java.lang.Object, java.lang.Object)'> (0x0000000711a68070) thrown at [src/hotspot/share/interpreter/linkResolver.cpp, line 773]
Event: 1.171 Thread 0x00000297c95b4000 Exception <a 'java/lang/NoSuchMethodError'{0x0000000711650270}: 'void java.lang.invoke.DirectMethodHandle$Holder.invokeStaticInit(java.lang.Object, java.lang.Object)'> (0x0000000711650270) thrown at [src/hotspot/share/interpreter/linkResolver.cpp, line 773]
Event: 1.225 Thread 0x00000297c95b4000 Exception <a 'java/lang/NoSuchMethodError'{0x00000007112b1068}: 'void java.lang.invoke.DirectMethodHandle$Holder.invokeVirtual(java.lang.Object, java.lang.Object)'> (0x00000007112b1068) thrown at [src/hotspot/share/interpreter/linkResolver.cpp, line 773]
Event: 1.232 Thread 0x00000297c95b4000 Exception <a 'java/lang/NoSuchMethodError'{0x0000000711144ed0}: 'int java.lang.invoke.DirectMethodHandle$Holder.invokeVirtual(java.lang.Object, java.lang.Object)'> (0x0000000711144ed0) thrown at [src/hotspot/share/interpreter/linkResolver.cpp, line 773]
Event: 1.734 Thread 0x00000297c95b4000 Exception <a 'java/lang/NoSuchMethodError'{0x000000071290d9c8}: 'java.lang.Object java.lang.invoke.DirectMethodHandle$Holder.invokeVirtual(java.lang.Object, java.lang.Object, java.lang.Object)'> (0x000000071290d9c8) thrown at [src/hotspot/share/interpreter/linkResolver.cpp, line 773]
Event: 2.155 Thread 0x00000297c95b4000 Exception <a 'java/lang/NoSuchMethodError'{0x000000070ff990b0}: 'java.lang.Object java.lang.invoke.Invokers$Holder.linkToTargetMethod(java.lang.Object, int, java.lang.Object)'> (0x000000070ff990b0) thrown at [src/hotspot/share/interpreter/linkResolver.cpp, line 773]
Event: 2.238 Thread 0x00000297c95b4000 Exception <a 'java/lang/NoSuchMethodError'{0x000000070fb48b10}: 'java.lang.Object java.lang.invoke.DirectMethodHandle$Holder.invokeStatic(java.lang.Object, java.lang.Object, java.lang.Object, int)'> (0x000000070fb48b10) thrown at [src/hotspot/share/interpreter/linkResolver.cpp, line 773]
Event: 2.238 Thread 0x00000297c95b4000 Exception <a 'java/lang/NoSuchMethodError'{0x000000070fb4c780}: 'java.lang.Object java.lang.invoke.DirectMethodHandle$Holder.invokeSpecial(java.lang.Object, java.lang.Object, java.lang.Object, java.lang.Object, int)'> (0x000000070fb4c780) thrown at [src/hotspot/share/interpreter/linkResolver.cpp, line 773]
Event: 2.239 Thread 0x00000297c95b4000 Exception <a 'java/lang/NoSuchMethodError'{0x000000070fb4fa90}: 'java.lang.Object java.lang.invoke.Invokers$Holder.linkToTargetMethod(java.lang.Object, java.lang.Object, int, java.lang.Object)'> (0x000000070fb4fa90) thrown at [src/hotspot/share/interpreter/linkResolver.cpp, line 773]

Events (20 events):
Event: 2.432 loading class org/jetbrains/kotlin/metadata/jvm/deserialization/UtfEncodingKt
Event: 2.432 loading class org/jetbrains/kotlin/metadata/jvm/deserialization/UtfEncodingKt done
Event: 2.432 loading class org/jetbrains/kotlin/metadata/jvm/deserialization/JvmNameResolver
Event: 2.432 loading class org/jetbrains/kotlin/metadata/jvm/deserialization/JvmNameResolver done
Event: 2.432 loading class org/jetbrains/kotlin/metadata/jvm/deserialization/JvmNameResolverBase
Event: 2.432 loading class org/jetbrains/kotlin/metadata/jvm/deserialization/JvmNameResolverBase done
Event: 2.433 Executing VM operation: Deoptimize
Event: 2.433 Executing VM operation: Deoptimize done
Event: 2.433 loading class org/jetbrains/kotlin/metadata/jvm/deserialization/JvmNameResolverBase$Companion
Event: 2.433 loading class org/jetbrains/kotlin/metadata/jvm/deserialization/JvmNameResolverBase$Companion done
Event: 2.434 loading class org/jetbrains/kotlin/metadata/jvm/JvmProtoBuf$StringTableTypes
Event: 2.434 loading class org/jetbrains/kotlin/metadata/jvm/JvmProtoBuf$StringTableTypes done
Event: 2.434 loading class org/jetbrains/kotlin/metadata/jvm/JvmProtoBuf$StringTableTypesOrBuilder
Event: 2.434 loading class org/jetbrains/kotlin/metadata/jvm/JvmProtoBuf$StringTableTypesOrBuilder done
Event: 2.434 loading class org/jetbrains/kotlin/metadata/jvm/JvmProtoBuf$StringTableTypes$1
Event: 2.434 loading class org/jetbrains/kotlin/metadata/jvm/JvmProtoBuf$StringTableTypes$1 done
Event: 2.435 loading class org/jetbrains/kotlin/metadata/jvm/JvmProtoBuf$StringTableTypes$Record
Event: 2.435 loading class org/jetbrains/kotlin/metadata/jvm/JvmProtoBuf$StringTableTypes$Record done
Event: 2.435 loading class org/jetbrains/kotlin/metadata/jvm/JvmProtoBuf$StringTableTypes$RecordOrBuilder
Event: 2.435 loading class org/jetbrains/kotlin/metadata/jvm/JvmProtoBuf$StringTableTypes$RecordOrBuilder done


Dynamic libraries:
0x00007ff7174f0000 - 0x00007ff7174fa000 	C:\Program Files\Android\Android Studio\jbr\bin\java.exe
0x00007ffdd6f70000 - 0x00007ffdd7184000 	C:\WINDOWS\SYSTEM32\ntdll.dll
0x00007ffdd5de0000 - 0x00007ffdd5ea4000 	C:\WINDOWS\System32\KERNEL32.DLL
0x00007ffdd4440000 - 0x00007ffdd47e4000 	C:\WINDOWS\System32\KERNELBASE.dll
0x00007ffdd47f0000 - 0x00007ffdd4901000 	C:\WINDOWS\System32\ucrtbase.dll
0x00007ffda04e0000 - 0x00007ffda04fb000 	C:\Program Files\Android\Android Studio\jbr\bin\VCRUNTIME140.dll
0x00007ffdbfd40000 - 0x00007ffdbfd57000 	C:\Program Files\Android\Android Studio\jbr\bin\jli.dll
0x00007ffdd5ec0000 - 0x00007ffdd606a000 	C:\WINDOWS\System32\USER32.dll
0x00007ffdd4410000 - 0x00007ffdd4436000 	C:\WINDOWS\System32\win32u.dll
0x00007ffdb8b00000 - 0x00007ffdb8d8f000 	C:\WINDOWS\WinSxS\amd64_microsoft.windows.common-controls_6595b64144ccf1df_6.0.22621.2070_none_2713e6537381f706\COMCTL32.dll
0x00007ffdd5db0000 - 0x00007ffdd5dd9000 	C:\WINDOWS\System32\GDI32.dll
0x00007ffdd5bc0000 - 0x00007ffdd5c67000 	C:\WINDOWS\System32\msvcrt.dll
0x00007ffdd4aa0000 - 0x00007ffdd4bb9000 	C:\WINDOWS\System32\gdi32full.dll
0x00007ffdd4910000 - 0x00007ffdd49aa000 	C:\WINDOWS\System32\msvcp_win.dll
0x00007ffdd5680000 - 0x00007ffdd56b1000 	C:\WINDOWS\System32\IMM32.DLL
0x00007ffdcf390000 - 0x00007ffdcf39c000 	C:\Program Files\Android\Android Studio\jbr\bin\vcruntime140_1.dll
0x00007ffd88140000 - 0x00007ffd881cd000 	C:\Program Files\Android\Android Studio\jbr\bin\msvcp140.dll
0x00007ffd3c830000 - 0x00007ffd3d3ec000 	C:\Program Files\Android\Android Studio\jbr\bin\server\jvm.dll
0x00007ffdd52d0000 - 0x00007ffdd5380000 	C:\WINDOWS\System32\ADVAPI32.dll
0x00007ffdd5730000 - 0x00007ffdd57d6000 	C:\WINDOWS\System32\sechost.dll
0x00007ffdd51b0000 - 0x00007ffdd52c7000 	C:\WINDOWS\System32\RPCRT4.dll
0x00007ffdd5c90000 - 0x00007ffdd5c98000 	C:\WINDOWS\System32\PSAPI.DLL
0x00007ffdbd5c0000 - 0x00007ffdbd5c9000 	C:\WINDOWS\SYSTEM32\WSOCK32.dll
0x00007ffdc2880000 - 0x00007ffdc28b4000 	C:\WINDOWS\SYSTEM32\WINMM.dll
0x00007ffdcea10000 - 0x00007ffdcea1a000 	C:\WINDOWS\SYSTEM32\VERSION.dll
0x00007ffdd60f0000 - 0x00007ffdd6161000 	C:\WINDOWS\System32\WS2_32.dll
0x00007ffdd3300000 - 0x00007ffdd3318000 	C:\WINDOWS\SYSTEM32\kernel.appcore.dll
0x00007ffdd1680000 - 0x00007ffdd1690000 	C:\Program Files\Android\Android Studio\jbr\bin\verify.dll
0x00007ffdc18c0000 - 0x00007ffdc1aee000 	C:\WINDOWS\SYSTEM32\DBGHELP.DLL
0x00007ffdd57e0000 - 0x00007ffdd5b6a000 	C:\WINDOWS\System32\combase.dll
0x00007ffdd6170000 - 0x00007ffdd6247000 	C:\WINDOWS\System32\OLEAUT32.dll
0x00007ffdbc590000 - 0x00007ffdbc5c2000 	C:\WINDOWS\SYSTEM32\dbgcore.DLL
0x00007ffdd49b0000 - 0x00007ffdd4a2a000 	C:\WINDOWS\System32\bcryptPrimitives.dll
0x00007ffdbe300000 - 0x00007ffdbe328000 	C:\Program Files\Android\Android Studio\jbr\bin\java.dll
0x00007ffdc0f40000 - 0x00007ffdc0f4a000 	C:\Program Files\Android\Android Studio\jbr\bin\jimage.dll
0x00007ffdbd300000 - 0x00007ffdbd318000 	C:\Program Files\Android\Android Studio\jbr\bin\zip.dll
0x00007ffdd6250000 - 0x00007ffdd6a66000 	C:\WINDOWS\System32\SHELL32.dll
0x00007ffdd22d0000 - 0x00007ffdd2bba000 	C:\WINDOWS\SYSTEM32\windows.storage.dll
0x00007ffdd2190000 - 0x00007ffdd22ce000 	C:\WINDOWS\SYSTEM32\wintypes.dll
0x00007ffdd5ca0000 - 0x00007ffdd5d93000 	C:\WINDOWS\System32\SHCORE.dll
0x00007ffdd6a70000 - 0x00007ffdd6ace000 	C:\WINDOWS\System32\shlwapi.dll
0x00007ffdd4280000 - 0x00007ffdd42a6000 	C:\WINDOWS\SYSTEM32\profapi.dll
0x00007ffdb9230000 - 0x00007ffdb9249000 	C:\Program Files\Android\Android Studio\jbr\bin\net.dll
0x00007ffdce670000 - 0x00007ffdce7a7000 	C:\WINDOWS\SYSTEM32\WINHTTP.dll
0x00007ffdd37d0000 - 0x00007ffdd3839000 	C:\WINDOWS\system32\mswsock.dll
0x00007ffdb9180000 - 0x00007ffdb9193000 	C:\Program Files\Android\Android Studio\jbr\bin\nio.dll

dbghelp: loaded successfully - version: 4.0.5 - missing functions: none
symbol engine: initialized successfully - sym options: 0x614 - pdb path: .;C:\Program Files\Android\Android Studio\jbr\bin;C:\WINDOWS\SYSTEM32;C:\WINDOWS\WinSxS\amd64_microsoft.windows.common-controls_6595b64144ccf1df_6.0.22621.2070_none_2713e6537381f706;C:\Program Files\Android\Android Studio\jbr\bin\server

VM Arguments:
java_command: org.jetbrains.kotlin.cli.jvm.K2JVMCompiler @F:\EarningApp\app\build\20230901_743894257784261108.compiler.options
java_class_path (initial): C:\Users\youss\.gradle\caches\modules-2\files-2.1\org.jetbrains.kotlin\kotlin-compiler-embeddable\1.8.0\eb9118d4bcceaa2a94b2ae2a33a4ddba7c9a947f\kotlin-compiler-embeddable-1.8.0.jar;C:\Users\youss\.gradle\caches\modules-2\files-2.1\org.jetbrains.kotlin\kotlin-stdlib\1.8.0\1796921c7a3e2e2665a83e6c8d33399336cd39bc\kotlin-stdlib-1.8.0.jar;C:\Users\youss\.gradle\caches\modules-2\files-2.1\org.jetbrains.kotlin\kotlin-script-runtime\1.8.0\b2f7e760d283cb339974851c222a4c1d48f2d3d\kotlin-script-runtime-1.8.0.jar;C:\Users\youss\.gradle\caches\modules-2\files-2.1\org.jetbrains.kotlin\kotlin-reflect\1.6.10\1cbe9c92c12a94eea200d23c2bbaedaf3daf5132\kotlin-reflect-1.6.10.jar;C:\Users\youss\.gradle\caches\modules-2\files-2.1\org.jetbrains.kotlin\kotlin-daemon-embeddable\1.8.0\d255216c551685dc3a7e852b53617f5f01aaaa5c\kotlin-daemon-embeddable-1.8.0.jar;C:\Users\youss\.gradle\caches\modules-2\files-2.1\org.jetbrains.intellij.deps\trove4j\1.0.20200330\3afb14d5f9ceb459d724e907a21145e8ff394f02\trove4j-1.0.20200330.jar;C:\Users\youss\.gradle\caches\modules-2\files-2.1\net.java.dev.jna\jna\5.6.0\330f2244e9030119ab3030fc3fededc86713d9cc\jna-5.6.0.jar;C:\Users\youss\.gradle\caches\modules-2\files-2.1\org.jetbrains.kotlin\kotlin-stdlib-common\1.8.0\f7197e7cc76453ac59f8b0f8d5137cc600becd36\kotlin-stdlib-common-1.8.0.jar;C:\Users\youss\.gradle\caches\modules-2\files-2.1\org.jetbrains\annotations\13.0\919f0dfe192fb4e063e7dacadee7f8bb9a2672a9\annotations-13.0.jar
Launcher Type: SUN_STANDARD

[Global flags]
     intx CICompilerCount                          = 4                                         {product} {ergonomic}
     uint ConcGCThreads                            = 3                                         {product} {ergonomic}
     uint G1ConcRefinementThreads                  = 10                                        {product} {ergonomic}
   size_t G1HeapRegionSize                         = 1048576                                   {product} {ergonomic}
    uintx GCDrainStackTargetSize                   = 64                                        {product} {ergonomic}
   size_t InitialHeapSize                          = 266338304                                 {product} {ergonomic}
   size_t MarkStackSize                            = 4194304                                   {product} {ergonomic}
   size_t MaxHeapSize                              = 4248829952                                {product} {ergonomic}
   size_t MaxNewSize                               = 2549088256                                {product} {ergonomic}
   size_t MinHeapDeltaBytes                        = 1048576                                   {product} {ergonomic}
    uintx NonNMethodCodeHeapSize                   = 5836300                                {pd product} {ergonomic}
    uintx NonProfiledCodeHeapSize                  = 122910970                              {pd product} {ergonomic}
    uintx ProfiledCodeHeapSize                     = 122910970                              {pd product} {ergonomic}
    uintx ReservedCodeCacheSize                    = 251658240                              {pd product} {ergonomic}
     bool SegmentedCodeCache                       = true                                      {product} {ergonomic}
     bool UseCompressedClassPointers               = true                                 {lp64_product} {ergonomic}
     bool UseCompressedOops                        = true                                 {lp64_product} {ergonomic}
     bool UseG1GC                                  = true                                      {product} {ergonomic}
     bool UseLargePagesIndividualAllocation        = false                                  {pd product} {ergonomic}

Logging:
Log output configuration:
 #0: stdout all=warning uptime,level,tags
 #1: stderr all=off uptime,level,tags

Environment Variables:
PATH=C:\Program Files\Common Files\Oracle\Java\javapath;C:\Windows\system32;C:\Windows;C:\Windows\System32\Wbem;C:\Windows\System32\WindowsPowerShell\v1.0\;C:\Windows\System32\OpenSSH\;C:\Program Files (x86)\NVIDIA Corporation\PhysX\Common;C:\Program Files\Microsoft SQL Server\150\Tools\Binn\;C:\Program Files\Microsoft SQL Server\Client SDK\ODBC\170\Tools\Binn\;C:\WINDOWS\system32;C:\WINDOWS;C:\WINDOWS\System32\Wbem;C:\WINDOWS\System32\WindowsPowerShell\v1.0\;C:\WINDOWS\System32\OpenSSH\;C:\Program Files\NVIDIA Corporation\NVIDIA NvDLISR;C:\Program Files\Git\cmd;C:\Program Files\dotnet\;C:\Program Files (x86)\Microsoft SQL Server\160\Tools\Binn\;C:\Program Files\Microsoft SQL Server\160\Tools\Binn\;C:\Program Files\Microsoft SQL Server\160\DTS\Binn\;C:\Program Files (x86)\Microsoft SQL Server\160\DTS\Binn\;C:\Users\youss\miniconda3;C:\Users\youss\miniconda3\Library\mingw-w64\bin;C:\Users\youss\miniconda3\Library\usr\bin;C:\Users\youss\miniconda3\Library\bin;C:\Users\youss\miniconda3\Scripts;C:\Users\youss\AppData\Local\Microsoft\WindowsApps;C:\Users\youss\AppData\Local\Programs\Microsoft VS Code\bin;C:\Program Files\JetBrains\PyCharm Community Edition 2022.2.1\bin;C:\Program Files\Java\jdk-20\bin;C:\Users\youss\AppData\Local\JetBrains\Toolbox\scripts;D:\Programs\flutter_windows_3.10.6-stable\flutter\bin;;C:\Program Files\Azure Data Studio\bin;C:\Users\youss\.dotnet\tools
USERNAME=youss
OS=Windows_NT
PROCESSOR_IDENTIFIER=Intel64 Family 6 Model 165 Stepping 2, GenuineIntel



---------------  S Y S T E M  ---------------

OS: Windows 11 , 64 bit Build 22621 (10.0.22621.2070)
OS uptime: 1 days 21:25 hours
Hyper-V role detected

CPU:total 12 (initial active 12) (6 cores per cpu, 2 threads per core) family 6 model 165 stepping 2 microcode 0xe2, cmov, cx8, fxsr, mmx, sse, sse2, sse3, ssse3, sse4.1, sse4.2, popcnt, avx, avx2, aes, clmul, erms, 3dnowpref, lzcnt, ht, tsc, tscinvbit, bmi1, bmi2, adx, fma

Memory: 4k page, system-wide physical 16202M (1747M free)
TotalPageFile size 18250M (AvailPageFile size 5M)
current process WorkingSet (physical memory assigned to process): 275M, peak: 277M
current process commit charge ("private bytes"): 480M, peak: 482M

vm_info: OpenJDK 64-Bit Server VM (11.0.15+0-b2043.56-9505619) for windows-amd64 JRE (11.0.15+0-b2043.56-9505619), built on Jan 19 2023 02:48:00 by "builduser" with unknown MS VC++:1929

END.
