#
# There is insufficient memory for the Java Runtime Environment to continue.
# Native memory allocation (malloc) failed to allocate 1682256 bytes for Chunk::new
# Possible reasons:
#   The system is out of physical RAM or swap space
#   The process is running with CompressedOops enabled, and the Java Heap may be blocking the growth of the native heap
# Possible solutions:
#   Reduce memory load on the system
#   Increase physical memory or swap space
#   Check if swap backing store is full
#   Decrease Java heap size (-Xmx/-Xms)
#   Decrease number of Java threads
#   Decrease Java thread stack sizes (-Xss)
#   Set larger code cache with -XX:ReservedCodeCacheSize=
#   JVM is running with Zero Based Compressed Oops mode in which the Java heap is
#     placed in the first 32GB address space. The Java Heap base address is the
#     maximum limit for the native heap growth. Please use -XX:HeapBaseMinAddress
#     to set the Java Heap base and to place the Java Heap above 32GB virtual address.
# This output file may be truncated or incomplete.
#
#  Out of Memory Error (src/hotspot/share/memory/arena.cpp:197), pid=8172, tid=19640
#
# JRE version: OpenJDK Runtime Environment (11.0.15) (build 11.0.15+0-b2043.56-9505619)
# Java VM: OpenJDK 64-Bit Server VM (11.0.15+0-b2043.56-9505619, mixed mode, tiered, compressed oops, g1 gc, windows-amd64)
# No core dump will be written. Minidumps are not enabled by default on client versions of Windows
#

---------------  S U M M A R Y ------------

Command Line: org.jetbrains.kotlin.cli.jvm.K2JVMCompiler @F:\EarningApp\app\build\20230901_6794239989389953900.compiler.options

Host: Intel(R) Core(TM) i7-10750H CPU @ 2.60GHz, 12 cores, 15G,  Windows 11 , 64 bit Build 22621 (10.0.22621.2070)
Time: Fri Sep  1 03:37:30 2023 Egypt Daylight Time elapsed time: 9.422890 seconds (0d 0h 0m 9s)

---------------  T H R E A D  ---------------

Current thread (0x000001d2809d7000):  JavaThread "C2 CompilerThread2" daemon [_thread_in_native, id=19640, stack(0x0000002057000000,0x0000002057100000)]


Current CompileTask:
C2:   9422 13456       4       org.jetbrains.kotlin.types.AbstractTypeMapper::mapType (540 bytes)

Stack: [0x0000002057000000,0x0000002057100000]
Native frames: (J=compiled Java code, j=interpreted, Vv=VM code, C=native code)
V  [jvm.dll+0x64135a]
V  [jvm.dll+0x7d39f9]
V  [jvm.dll+0x7d51b9]
V  [jvm.dll+0x7d58a3]
V  [jvm.dll+0x2691c5]
V  [jvm.dll+0xc1a5c]
V  [jvm.dll+0xc200c]
V  [jvm.dll+0x3774a7]
V  [jvm.dll+0x1b3914]
V  [jvm.dll+0x22163e]
V  [jvm.dll+0x220498]
V  [jvm.dll+0x19e851]
V  [jvm.dll+0x230479]
V  [jvm.dll+0x22e5ef]
V  [jvm.dll+0x794de1]
V  [jvm.dll+0x78dc24]
V  [jvm.dll+0x6400f6]
C  [ucrtbase.dll+0x29363]
C  [KERNEL32.DLL+0x126ad]
C  [ntdll.dll+0x5aa68]


---------------  P R O C E S S  ---------------

Threads class SMR info:
_java_thread_list=0x000001d281608ad0, length=12, elements={
0x000001d2de400800, 0x000001d2ff7d7800, 0x000001d2ff7ce000, 0x000001d280106800,
0x000001d280108800, 0x000001d280109800, 0x000001d28010a800, 0x000001d28010c800,
0x000001d280113000, 0x000001d280283000, 0x000001d280280800, 0x000001d2809d7000
}

Java Threads: ( => current thread )
  0x000001d2de400800 JavaThread "main" [_thread_in_Java, id=17860, stack(0x0000002055700000,0x0000002055800000)]
  0x000001d2ff7d7800 JavaThread "Reference Handler" daemon [_thread_blocked, id=9708, stack(0x0000002055e00000,0x0000002055f00000)]
  0x000001d2ff7ce000 JavaThread "Finalizer" daemon [_thread_blocked, id=18612, stack(0x0000002055f00000,0x0000002056000000)]
  0x000001d280106800 JavaThread "Signal Dispatcher" daemon [_thread_blocked, id=19144, stack(0x0000002056000000,0x0000002056100000)]
  0x000001d280108800 JavaThread "Attach Listener" daemon [_thread_blocked, id=6060, stack(0x0000002056100000,0x0000002056200000)]
  0x000001d280109800 JavaThread "Service Thread" daemon [_thread_blocked, id=11608, stack(0x0000002056200000,0x0000002056300000)]
  0x000001d28010a800 JavaThread "C2 CompilerThread0" daemon [_thread_in_native, id=17108, stack(0x0000002056300000,0x0000002056400000)]
  0x000001d28010c800 JavaThread "C1 CompilerThread0" daemon [_thread_in_native, id=11380, stack(0x0000002056400000,0x0000002056500000)]
  0x000001d280113000 JavaThread "Sweeper thread" daemon [_thread_blocked, id=17300, stack(0x0000002056500000,0x0000002056600000)]
  0x000001d280283000 JavaThread "Common-Cleaner" daemon [_thread_blocked, id=1872, stack(0x0000002056700000,0x0000002056800000)]
  0x000001d280280800 JavaThread "C2 CompilerThread1" daemon [_thread_in_native, id=13360, stack(0x0000002056800000,0x0000002056900000)]
=>0x000001d2809d7000 JavaThread "C2 CompilerThread2" daemon [_thread_in_native, id=19640, stack(0x0000002057000000,0x0000002057100000)]

Other Threads:
  0x000001d2800ac000 VMThread "VM Thread" [stack: 0x0000002055d00000,0x0000002055e00000] [id=4480]
  0x000001d28027b000 WatcherThread [stack: 0x0000002056600000,0x0000002056700000] [id=9028]
  0x000001d2de419800 GCTaskThread "GC Thread#0" [stack: 0x0000002055800000,0x0000002055900000] [id=19900]
  0x000001d2809bb000 GCTaskThread "GC Thread#1" [stack: 0x0000002056a00000,0x0000002056b00000] [id=7592]
  0x000001d280aeb800 GCTaskThread "GC Thread#2" [stack: 0x0000002056b00000,0x0000002056c00000] [id=15516]
  0x000001d280aec000 GCTaskThread "GC Thread#3" [stack: 0x0000002056c00000,0x0000002056d00000] [id=18152]
  0x000001d2809cf800 GCTaskThread "GC Thread#4" [stack: 0x0000002056d00000,0x0000002056e00000] [id=18164]
  0x000001d2809d0000 GCTaskThread "GC Thread#5" [stack: 0x0000002056e00000,0x0000002056f00000] [id=6376]
  0x000001d28625e800 GCTaskThread "GC Thread#6" [stack: 0x0000002057500000,0x0000002057600000] [id=17712]
  0x000001d2de475000 ConcurrentGCThread "G1 Main Marker" [stack: 0x0000002055900000,0x0000002055a00000] [id=3684]
  0x000001d2de477000 ConcurrentGCThread "G1 Conc#0" [stack: 0x0000002055a00000,0x0000002055b00000] [id=10676]
  0x000001d28027e000 ConcurrentGCThread "G1 Conc#1" [stack: 0x0000002056900000,0x0000002056a00000] [id=12196]
  0x000001d2815c4000 ConcurrentGCThread "G1 Conc#2" [stack: 0x0000002056f00000,0x0000002057000000] [id=472]
  0x000001d2ff6b1800 ConcurrentGCThread "G1 Refine#0" [stack: 0x0000002055b00000,0x0000002055c00000] [id=18352]
  0x000001d283300800 ConcurrentGCThread "G1 Refine#1" [stack: 0x0000002057100000,0x0000002057200000] [id=12988]
  0x000001d282243000 ConcurrentGCThread "G1 Refine#2" [stack: 0x0000002057200000,0x0000002057300000] [id=13868]
  0x000001d2815c7000 ConcurrentGCThread "G1 Refine#3" [stack: 0x0000002057300000,0x0000002057400000] [id=18080]
  0x000001d2816af000 ConcurrentGCThread "G1 Refine#4" [stack: 0x0000002057400000,0x0000002057500000] [id=17980]
  0x000001d2ff6b4800 ConcurrentGCThread "G1 Young RemSet Sampling" [stack: 0x0000002055c00000,0x0000002055d00000] [id=10704]

Threads with active compile tasks:
C2 CompilerThread0     9440 13647       4       org.jetbrains.kotlin.load.kotlin.TypeSignatureMappingKt::mapBuiltInType (339 bytes)
C1 CompilerThread0     9440 13843       2       org.jetbrains.kotlin.codegen.inline.InlineCodegenUtilsKt::preprocessSuspendMarkers (446 bytes)
C2 CompilerThread1     9440 13718       4       org.jetbrains.kotlin.backend.jvm.mapping.MethodSignatureMapper::mapSignature (573 bytes)
C2 CompilerThread2     9440 13456       4       org.jetbrains.kotlin.types.AbstractTypeMapper::mapType (540 bytes)

VM state:not at safepoint (normal execution)

VM Mutex/Monitor currently owned by a thread: None

Heap address: 0x0000000702c00000, size: 4052 MB, Compressed Oops mode: Zero based, Oop shift amount: 3
Narrow klass base: 0x0000000800000000, Narrow klass shift: 0
Compressed class space size: 1073741824 Address: 0x0000000800000000

Heap:
 garbage-first heap   total 312320K, used 106467K [0x0000000702c00000, 0x0000000800000000)
  region size 1024K, 39 young (39936K), 12 survivors (12288K)
 Metaspace       used 87682K, capacity 88608K, committed 88656K, reserved 1128448K
  class space    used 9258K, capacity 9611K, committed 9648K, reserved 1048576K
Heap Regions: E=young(eden), S=young(survivor), O=old, HS=humongous(starts), HC=humongous(continues), CS=collection set, F=free, A=archive, TAMS=top-at-mark-start (previous, next)
|   0|0x0000000702c00000, 0x0000000702d00000, 0x0000000702d00000|100%|HS|  |TAMS 0x0000000702d00000, 0x0000000702c00000| Complete 
|   1|0x0000000702d00000, 0x0000000702e00000, 0x0000000702e00000|100%|HC|  |TAMS 0x0000000702e00000, 0x0000000702d00000| Complete 
|   2|0x0000000702e00000, 0x0000000702f00000, 0x0000000702f00000|100%|HC|  |TAMS 0x0000000702f00000, 0x0000000702e00000| Complete 
|   3|0x0000000702f00000, 0x0000000703000000, 0x0000000703000000|100%|HC|  |TAMS 0x0000000703000000, 0x0000000702f00000| Complete 
|   4|0x0000000703000000, 0x0000000703100000, 0x0000000703100000|100%|HS|  |TAMS 0x0000000703100000, 0x0000000703000000| Complete 
|   5|0x0000000703100000, 0x0000000703200000, 0x0000000703200000|100%|HC|  |TAMS 0x0000000703200000, 0x0000000703100000| Complete 
|   6|0x0000000703200000, 0x0000000703300000, 0x0000000703300000|100%|HC|  |TAMS 0x0000000703300000, 0x0000000703200000| Complete 
|   7|0x0000000703300000, 0x0000000703400000, 0x0000000703400000|100%|HC|  |TAMS 0x0000000703400000, 0x0000000703300000| Complete 
|   8|0x0000000703400000, 0x0000000703500000, 0x0000000703500000|100%|HS|  |TAMS 0x0000000703500000, 0x0000000703400000| Complete 
|   9|0x0000000703500000, 0x0000000703600000, 0x0000000703600000|100%|HC|  |TAMS 0x0000000703600000, 0x0000000703500000| Complete 
|  10|0x0000000703600000, 0x0000000703700000, 0x0000000703700000|100%| O|  |TAMS 0x0000000703700000, 0x0000000703600000| Untracked 
|  11|0x0000000703700000, 0x0000000703800000, 0x0000000703800000|100%| O|  |TAMS 0x0000000703800000, 0x0000000703700000| Untracked 
|  12|0x0000000703800000, 0x0000000703900000, 0x0000000703900000|100%| O|  |TAMS 0x0000000703900000, 0x0000000703800000| Untracked 
|  13|0x0000000703900000, 0x0000000703a00000, 0x0000000703a00000|100%| O|  |TAMS 0x0000000703a00000, 0x0000000703900000| Untracked 
|  14|0x0000000703a00000, 0x0000000703b00000, 0x0000000703b00000|100%| O|  |TAMS 0x0000000703b00000, 0x0000000703a00000| Untracked 
|  15|0x0000000703b00000, 0x0000000703c00000, 0x0000000703c00000|100%| O|  |TAMS 0x0000000703c00000, 0x0000000703b00000| Untracked 
|  16|0x0000000703c00000, 0x0000000703d00000, 0x0000000703d00000|100%| O|  |TAMS 0x0000000703d00000, 0x0000000703c00000| Untracked 
|  17|0x0000000703d00000, 0x0000000703e00000, 0x0000000703e00000|100%| O|  |TAMS 0x0000000703e00000, 0x0000000703d00000| Untracked 
|  18|0x0000000703e00000, 0x0000000703f00000, 0x0000000703f00000|100%| O|  |TAMS 0x0000000703f00000, 0x0000000703e00000| Untracked 
|  19|0x0000000703f00000, 0x0000000704000000, 0x0000000704000000|100%| O|  |TAMS 0x0000000704000000, 0x0000000703f00000| Untracked 
|  20|0x0000000704000000, 0x0000000704100000, 0x0000000704100000|100%| O|  |TAMS 0x0000000704100000, 0x0000000704000000| Untracked 
|  21|0x0000000704100000, 0x0000000704200000, 0x0000000704200000|100%| O|  |TAMS 0x0000000704200000, 0x0000000704100000| Untracked 
|  22|0x0000000704200000, 0x0000000704300000, 0x0000000704300000|100%| O|  |TAMS 0x0000000704300000, 0x0000000704200000| Untracked 
|  23|0x0000000704300000, 0x0000000704400000, 0x0000000704400000|100%| O|  |TAMS 0x0000000704400000, 0x0000000704300000| Untracked 
|  24|0x0000000704400000, 0x0000000704500000, 0x0000000704500000|100%| O|  |TAMS 0x0000000704500000, 0x0000000704400000| Untracked 
|  25|0x0000000704500000, 0x0000000704600000, 0x0000000704600000|100%| O|  |TAMS 0x0000000704600000, 0x0000000704500000| Untracked 
|  26|0x0000000704600000, 0x0000000704700000, 0x0000000704700000|100%| O|  |TAMS 0x000000070460c800, 0x0000000704600000| Untracked 
|  27|0x0000000704700000, 0x0000000704800000, 0x0000000704800000|100%| O|  |TAMS 0x0000000704700000, 0x0000000704700000| Untracked 
|  28|0x0000000704800000, 0x0000000704900000, 0x0000000704900000|100%| O|  |TAMS 0x0000000704800000, 0x0000000704800000| Untracked 
|  29|0x0000000704900000, 0x0000000704a00000, 0x0000000704a00000|100%| O|  |TAMS 0x0000000704900000, 0x0000000704900000| Untracked 
|  30|0x0000000704a00000, 0x0000000704b00000, 0x0000000704b00000|100%| O|  |TAMS 0x0000000704a00000, 0x0000000704a00000| Untracked 
|  31|0x0000000704b00000, 0x0000000704c00000, 0x0000000704c00000|100%| O|  |TAMS 0x0000000704b00000, 0x0000000704b00000| Untracked 
|  32|0x0000000704c00000, 0x0000000704d00000, 0x0000000704d00000|100%| O|  |TAMS 0x0000000704c00000, 0x0000000704c00000| Untracked 
|  33|0x0000000704d00000, 0x0000000704e00000, 0x0000000704e00000|100%| O|  |TAMS 0x0000000704d00000, 0x0000000704d00000| Untracked 
|  34|0x0000000704e00000, 0x0000000704f00000, 0x0000000704f00000|100%| O|  |TAMS 0x0000000704e00000, 0x0000000704e00000| Untracked 
|  35|0x0000000704f00000, 0x0000000705000000, 0x0000000705000000|100%| O|  |TAMS 0x0000000704f00000, 0x0000000704f00000| Untracked 
|  36|0x0000000705000000, 0x0000000705100000, 0x0000000705100000|100%| O|  |TAMS 0x0000000705000000, 0x0000000705000000| Untracked 
|  37|0x0000000705100000, 0x0000000705200000, 0x0000000705200000|100%| O|  |TAMS 0x0000000705100000, 0x0000000705100000| Untracked 
|  38|0x0000000705200000, 0x0000000705300000, 0x0000000705300000|100%| O|  |TAMS 0x0000000705200000, 0x0000000705200000| Untracked 
|  39|0x0000000705300000, 0x0000000705400000, 0x0000000705400000|100%| O|  |TAMS 0x0000000705300000, 0x0000000705300000| Untracked 
|  40|0x0000000705400000, 0x0000000705500000, 0x0000000705500000|100%| O|  |TAMS 0x0000000705400000, 0x0000000705400000| Untracked 
|  41|0x0000000705500000, 0x0000000705600000, 0x0000000705600000|100%| O|  |TAMS 0x0000000705500000, 0x0000000705500000| Untracked 
|  42|0x0000000705600000, 0x0000000705700000, 0x0000000705700000|100%| O|  |TAMS 0x0000000705600000, 0x0000000705600000| Untracked 
|  43|0x0000000705700000, 0x0000000705800000, 0x0000000705800000|100%| O|  |TAMS 0x0000000705700000, 0x0000000705700000| Untracked 
|  44|0x0000000705800000, 0x0000000705900000, 0x0000000705900000|100%| O|  |TAMS 0x0000000705800000, 0x0000000705800000| Untracked 
|  45|0x0000000705900000, 0x0000000705a00000, 0x0000000705a00000|100%| O|  |TAMS 0x0000000705900000, 0x0000000705900000| Untracked 
|  46|0x0000000705a00000, 0x0000000705b00000, 0x0000000705b00000|100%| O|  |TAMS 0x0000000705a00000, 0x0000000705a00000| Untracked 
|  47|0x0000000705b00000, 0x0000000705c00000, 0x0000000705c00000|100%| O|  |TAMS 0x0000000705b00000, 0x0000000705b00000| Untracked 
|  48|0x0000000705c00000, 0x0000000705d00000, 0x0000000705d00000|100%| O|  |TAMS 0x0000000705c00000, 0x0000000705c00000| Untracked 
|  49|0x0000000705d00000, 0x0000000705e00000, 0x0000000705e00000|100%| O|  |TAMS 0x0000000705d00000, 0x0000000705d00000| Untracked 
|  50|0x0000000705e00000, 0x0000000705f00000, 0x0000000705f00000|100%| O|  |TAMS 0x0000000705e00000, 0x0000000705e00000| Untracked 
|  51|0x0000000705f00000, 0x0000000706000000, 0x0000000706000000|100%| O|  |TAMS 0x0000000705f00000, 0x0000000705f00000| Untracked 
|  52|0x0000000706000000, 0x0000000706100000, 0x0000000706100000|100%| O|  |TAMS 0x0000000706000000, 0x0000000706000000| Untracked 
|  53|0x0000000706100000, 0x0000000706200000, 0x0000000706200000|100%| O|  |TAMS 0x0000000706100000, 0x0000000706100000| Untracked 
|  54|0x0000000706200000, 0x0000000706300000, 0x0000000706300000|100%| O|  |TAMS 0x0000000706200000, 0x0000000706200000| Untracked 
|  55|0x0000000706300000, 0x0000000706400000, 0x0000000706400000|100%| O|  |TAMS 0x0000000706300000, 0x0000000706300000| Untracked 
|  56|0x0000000706400000, 0x0000000706500000, 0x0000000706500000|100%| O|  |TAMS 0x0000000706400000, 0x0000000706400000| Untracked 
|  57|0x0000000706500000, 0x0000000706600000, 0x0000000706600000|100%| O|  |TAMS 0x0000000706500000, 0x0000000706500000| Untracked 
|  58|0x0000000706600000, 0x0000000706700000, 0x0000000706700000|100%| O|  |TAMS 0x0000000706600000, 0x0000000706600000| Untracked 
|  59|0x0000000706700000, 0x0000000706800000, 0x0000000706800000|100%| O|  |TAMS 0x0000000706700000, 0x0000000706700000| Untracked 
|  60|0x0000000706800000, 0x0000000706900000, 0x0000000706900000|100%| O|  |TAMS 0x0000000706800000, 0x0000000706800000| Untracked 
|  61|0x0000000706900000, 0x0000000706a00000, 0x0000000706a00000|100%| O|  |TAMS 0x0000000706900000, 0x0000000706900000| Untracked 
|  62|0x0000000706a00000, 0x0000000706b00000, 0x0000000706b00000|100%| O|  |TAMS 0x0000000706a00000, 0x0000000706a00000| Untracked 
|  63|0x0000000706b00000, 0x0000000706c00000, 0x0000000706c00000|100%| O|  |TAMS 0x0000000706b00000, 0x0000000706b00000| Untracked 
|  64|0x0000000706c00000, 0x0000000706d00000, 0x0000000706d00000|100%| O|  |TAMS 0x0000000706c00000, 0x0000000706c00000| Untracked 
|  65|0x0000000706d00000, 0x0000000706e00000, 0x0000000706e00000|100%| O|  |TAMS 0x0000000706d00000, 0x0000000706d00000| Untracked 
|  66|0x0000000706e00000, 0x0000000706f00000, 0x0000000706f00000|100%| O|  |TAMS 0x0000000706e00000, 0x0000000706e00000| Untracked 
|  67|0x0000000706f00000, 0x0000000706f00000, 0x0000000707000000|  0%| F|  |TAMS 0x0000000706f00000, 0x0000000706f00000| Untracked 
|  68|0x0000000707000000, 0x0000000707000000, 0x0000000707100000|  0%| F|  |TAMS 0x0000000707000000, 0x0000000707000000| Untracked 
|  69|0x0000000707100000, 0x0000000707100000, 0x0000000707200000|  0%| F|  |TAMS 0x0000000707100000, 0x0000000707100000| Untracked 
|  70|0x0000000707200000, 0x0000000707200000, 0x0000000707300000|  0%| F|  |TAMS 0x0000000707200000, 0x0000000707200000| Untracked 
|  71|0x0000000707300000, 0x0000000707300000, 0x0000000707400000|  0%| F|  |TAMS 0x0000000707300000, 0x0000000707300000| Untracked 
|  72|0x0000000707400000, 0x0000000707400000, 0x0000000707500000|  0%| F|  |TAMS 0x0000000707400000, 0x0000000707400000| Untracked 
|  73|0x0000000707500000, 0x0000000707500000, 0x0000000707600000|  0%| F|  |TAMS 0x0000000707500000, 0x0000000707500000| Untracked 
|  74|0x0000000707600000, 0x0000000707600000, 0x0000000707700000|  0%| F|  |TAMS 0x0000000707600000, 0x0000000707600000| Untracked 
|  75|0x0000000707700000, 0x0000000707700000, 0x0000000707800000|  0%| F|  |TAMS 0x0000000707700000, 0x0000000707700000| Untracked 
|  76|0x0000000707800000, 0x0000000707800000, 0x0000000707900000|  0%| F|  |TAMS 0x0000000707800000, 0x0000000707800000| Untracked 
|  77|0x0000000707900000, 0x0000000707900000, 0x0000000707a00000|  0%| F|  |TAMS 0x0000000707900000, 0x0000000707900000| Untracked 
|  78|0x0000000707a00000, 0x0000000707a00000, 0x0000000707b00000|  0%| F|  |TAMS 0x0000000707a00000, 0x0000000707a00000| Untracked 
|  79|0x0000000707b00000, 0x0000000707b00000, 0x0000000707c00000|  0%| F|  |TAMS 0x0000000707b00000, 0x0000000707b00000| Untracked 
|  80|0x0000000707c00000, 0x0000000707c00000, 0x0000000707d00000|  0%| F|  |TAMS 0x0000000707c00000, 0x0000000707c00000| Untracked 
|  81|0x0000000707d00000, 0x0000000707d00000, 0x0000000707e00000|  0%| F|  |TAMS 0x0000000707d00000, 0x0000000707d00000| Untracked 
|  82|0x0000000707e00000, 0x0000000707e00000, 0x0000000707f00000|  0%| F|  |TAMS 0x0000000707e00000, 0x0000000707e00000| Untracked 
|  83|0x0000000707f00000, 0x0000000707f00000, 0x0000000708000000|  0%| F|  |TAMS 0x0000000707f00000, 0x0000000707f00000| Untracked 
|  84|0x0000000708000000, 0x0000000708000000, 0x0000000708100000|  0%| F|  |TAMS 0x0000000708000000, 0x0000000708000000| Untracked 
|  85|0x0000000708100000, 0x0000000708100000, 0x0000000708200000|  0%| F|  |TAMS 0x0000000708100000, 0x0000000708100000| Untracked 
|  86|0x0000000708200000, 0x0000000708200000, 0x0000000708300000|  0%| F|  |TAMS 0x0000000708200000, 0x0000000708200000| Untracked 
|  87|0x0000000708300000, 0x0000000708300000, 0x0000000708400000|  0%| F|  |TAMS 0x0000000708300000, 0x0000000708300000| Untracked 
|  88|0x0000000708400000, 0x0000000708400000, 0x0000000708500000|  0%| F|  |TAMS 0x0000000708400000, 0x0000000708400000| Untracked 
|  89|0x0000000708500000, 0x0000000708500000, 0x0000000708600000|  0%| F|  |TAMS 0x0000000708500000, 0x0000000708500000| Untracked 
|  90|0x0000000708600000, 0x0000000708600000, 0x0000000708700000|  0%| F|  |TAMS 0x0000000708600000, 0x0000000708600000| Untracked 
|  91|0x0000000708700000, 0x0000000708700000, 0x0000000708800000|  0%| F|  |TAMS 0x0000000708700000, 0x0000000708700000| Untracked 
|  92|0x0000000708800000, 0x0000000708800000, 0x0000000708900000|  0%| F|  |TAMS 0x0000000708800000, 0x0000000708800000| Untracked 
|  93|0x0000000708900000, 0x0000000708900000, 0x0000000708a00000|  0%| F|  |TAMS 0x0000000708900000, 0x0000000708900000| Untracked 
|  94|0x0000000708a00000, 0x0000000708a00000, 0x0000000708b00000|  0%| F|  |TAMS 0x0000000708a00000, 0x0000000708a00000| Untracked 
|  95|0x0000000708b00000, 0x0000000708b00000, 0x0000000708c00000|  0%| F|  |TAMS 0x0000000708b00000, 0x0000000708b00000| Untracked 
|  96|0x0000000708c00000, 0x0000000708c00000, 0x0000000708d00000|  0%| F|  |TAMS 0x0000000708c00000, 0x0000000708c00000| Untracked 
|  97|0x0000000708d00000, 0x0000000708d00000, 0x0000000708e00000|  0%| F|  |TAMS 0x0000000708d00000, 0x0000000708d00000| Untracked 
|  98|0x0000000708e00000, 0x0000000708e00000, 0x0000000708f00000|  0%| F|  |TAMS 0x0000000708e00000, 0x0000000708e00000| Untracked 
|  99|0x0000000708f00000, 0x0000000708f00000, 0x0000000709000000|  0%| F|  |TAMS 0x0000000708f00000, 0x0000000708f00000| Untracked 
| 100|0x0000000709000000, 0x0000000709000000, 0x0000000709100000|  0%| F|  |TAMS 0x0000000709000000, 0x0000000709000000| Untracked 
| 101|0x0000000709100000, 0x0000000709100000, 0x0000000709200000|  0%| F|  |TAMS 0x0000000709100000, 0x0000000709100000| Untracked 
| 102|0x0000000709200000, 0x0000000709200000, 0x0000000709300000|  0%| F|  |TAMS 0x0000000709200000, 0x0000000709200000| Untracked 
| 103|0x0000000709300000, 0x0000000709300000, 0x0000000709400000|  0%| F|  |TAMS 0x0000000709300000, 0x0000000709300000| Untracked 
| 104|0x0000000709400000, 0x0000000709400000, 0x0000000709500000|  0%| F|  |TAMS 0x0000000709400000, 0x0000000709400000| Untracked 
| 105|0x0000000709500000, 0x0000000709500000, 0x0000000709600000|  0%| F|  |TAMS 0x0000000709500000, 0x0000000709500000| Untracked 
| 106|0x0000000709600000, 0x0000000709600000, 0x0000000709700000|  0%| F|  |TAMS 0x0000000709600000, 0x0000000709600000| Untracked 
| 107|0x0000000709700000, 0x0000000709700000, 0x0000000709800000|  0%| F|  |TAMS 0x0000000709700000, 0x0000000709700000| Untracked 
| 108|0x0000000709800000, 0x0000000709800000, 0x0000000709900000|  0%| F|  |TAMS 0x0000000709800000, 0x0000000709800000| Untracked 
| 109|0x0000000709900000, 0x0000000709900000, 0x0000000709a00000|  0%| F|  |TAMS 0x0000000709900000, 0x0000000709900000| Untracked 
| 110|0x0000000709a00000, 0x0000000709a00000, 0x0000000709b00000|  0%| F|  |TAMS 0x0000000709a00000, 0x0000000709a00000| Untracked 
| 111|0x0000000709b00000, 0x0000000709b00000, 0x0000000709c00000|  0%| F|  |TAMS 0x0000000709b00000, 0x0000000709b00000| Untracked 
| 112|0x0000000709c00000, 0x0000000709c00000, 0x0000000709d00000|  0%| F|  |TAMS 0x0000000709c00000, 0x0000000709c00000| Untracked 
| 113|0x0000000709d00000, 0x0000000709d00000, 0x0000000709e00000|  0%| F|  |TAMS 0x0000000709d00000, 0x0000000709d00000| Untracked 
| 114|0x0000000709e00000, 0x0000000709e00000, 0x0000000709f00000|  0%| F|  |TAMS 0x0000000709e00000, 0x0000000709e00000| Untracked 
| 115|0x0000000709f00000, 0x0000000709f00000, 0x000000070a000000|  0%| F|  |TAMS 0x0000000709f00000, 0x0000000709f00000| Untracked 
| 116|0x000000070a000000, 0x000000070a000000, 0x000000070a100000|  0%| F|  |TAMS 0x000000070a000000, 0x000000070a000000| Untracked 
| 117|0x000000070a100000, 0x000000070a100000, 0x000000070a200000|  0%| F|  |TAMS 0x000000070a100000, 0x000000070a100000| Untracked 
| 118|0x000000070a200000, 0x000000070a200000, 0x000000070a300000|  0%| F|  |TAMS 0x000000070a200000, 0x000000070a200000| Untracked 
| 119|0x000000070a300000, 0x000000070a300000, 0x000000070a400000|  0%| F|  |TAMS 0x000000070a300000, 0x000000070a300000| Untracked 
| 120|0x000000070a400000, 0x000000070a400000, 0x000000070a500000|  0%| F|  |TAMS 0x000000070a400000, 0x000000070a400000| Untracked 
| 121|0x000000070a500000, 0x000000070a500000, 0x000000070a600000|  0%| F|  |TAMS 0x000000070a500000, 0x000000070a500000| Untracked 
| 122|0x000000070a600000, 0x000000070a600000, 0x000000070a700000|  0%| F|  |TAMS 0x000000070a600000, 0x000000070a600000| Untracked 
| 123|0x000000070a700000, 0x000000070a700000, 0x000000070a800000|  0%| F|  |TAMS 0x000000070a700000, 0x000000070a700000| Untracked 
| 124|0x000000070a800000, 0x000000070a800000, 0x000000070a900000|  0%| F|  |TAMS 0x000000070a800000, 0x000000070a800000| Untracked 
| 125|0x000000070a900000, 0x000000070a900000, 0x000000070aa00000|  0%| F|  |TAMS 0x000000070a900000, 0x000000070a900000| Untracked 
| 126|0x000000070aa00000, 0x000000070aa00000, 0x000000070ab00000|  0%| F|  |TAMS 0x000000070aa00000, 0x000000070aa00000| Untracked 
| 127|0x000000070ab00000, 0x000000070ab00000, 0x000000070ac00000|  0%| F|  |TAMS 0x000000070ab00000, 0x000000070ab00000| Untracked 
| 128|0x000000070ac00000, 0x000000070ac00000, 0x000000070ad00000|  0%| F|  |TAMS 0x000000070ac00000, 0x000000070ac00000| Untracked 
| 129|0x000000070ad00000, 0x000000070ad00000, 0x000000070ae00000|  0%| F|  |TAMS 0x000000070ad00000, 0x000000070ad00000| Untracked 
| 130|0x000000070ae00000, 0x000000070ae00000, 0x000000070af00000|  0%| F|  |TAMS 0x000000070ae00000, 0x000000070ae00000| Untracked 
| 131|0x000000070af00000, 0x000000070af00000, 0x000000070b000000|  0%| F|  |TAMS 0x000000070af00000, 0x000000070af00000| Untracked 
| 132|0x000000070b000000, 0x000000070b000000, 0x000000070b100000|  0%| F|  |TAMS 0x000000070b000000, 0x000000070b000000| Untracked 
| 133|0x000000070b100000, 0x000000070b100000, 0x000000070b200000|  0%| F|  |TAMS 0x000000070b100000, 0x000000070b100000| Untracked 
| 134|0x000000070b200000, 0x000000070b200000, 0x000000070b300000|  0%| F|  |TAMS 0x000000070b200000, 0x000000070b200000| Untracked 
| 135|0x000000070b300000, 0x000000070b300000, 0x000000070b400000|  0%| F|  |TAMS 0x000000070b300000, 0x000000070b300000| Untracked 
| 136|0x000000070b400000, 0x000000070b400000, 0x000000070b500000|  0%| F|  |TAMS 0x000000070b400000, 0x000000070b400000| Untracked 
| 137|0x000000070b500000, 0x000000070b500000, 0x000000070b600000|  0%| F|  |TAMS 0x000000070b500000, 0x000000070b500000| Untracked 
| 138|0x000000070b600000, 0x000000070b600000, 0x000000070b700000|  0%| F|  |TAMS 0x000000070b600000, 0x000000070b600000| Untracked 
| 139|0x000000070b700000, 0x000000070b700000, 0x000000070b800000|  0%| F|  |TAMS 0x000000070b700000, 0x000000070b700000| Untracked 
| 140|0x000000070b800000, 0x000000070b800000, 0x000000070b900000|  0%| F|  |TAMS 0x000000070b800000, 0x000000070b800000| Untracked 
| 141|0x000000070b900000, 0x000000070b900000, 0x000000070ba00000|  0%| F|  |TAMS 0x000000070b900000, 0x000000070b900000| Untracked 
| 142|0x000000070ba00000, 0x000000070ba00000, 0x000000070bb00000|  0%| F|  |TAMS 0x000000070ba00000, 0x000000070ba00000| Untracked 
| 143|0x000000070bb00000, 0x000000070bb00000, 0x000000070bc00000|  0%| F|  |TAMS 0x000000070bb00000, 0x000000070bb00000| Untracked 
| 144|0x000000070bc00000, 0x000000070bc00000, 0x000000070bd00000|  0%| F|  |TAMS 0x000000070bc00000, 0x000000070bc00000| Untracked 
| 145|0x000000070bd00000, 0x000000070bd00000, 0x000000070be00000|  0%| F|  |TAMS 0x000000070bd00000, 0x000000070bd00000| Untracked 
| 146|0x000000070be00000, 0x000000070be00000, 0x000000070bf00000|  0%| F|  |TAMS 0x000000070be00000, 0x000000070be00000| Untracked 
| 147|0x000000070bf00000, 0x000000070bff8c60, 0x000000070c000000| 97%| S|CS|TAMS 0x000000070bf00000, 0x000000070bf00000| Complete 
| 148|0x000000070c000000, 0x000000070c100000, 0x000000070c100000|100%| S|CS|TAMS 0x000000070c000000, 0x000000070c000000| Complete 
| 149|0x000000070c100000, 0x000000070c200000, 0x000000070c200000|100%| S|CS|TAMS 0x000000070c100000, 0x000000070c100000| Complete 
| 150|0x000000070c200000, 0x000000070c300000, 0x000000070c300000|100%| S|CS|TAMS 0x000000070c200000, 0x000000070c200000| Complete 
| 151|0x000000070c300000, 0x000000070c400000, 0x000000070c400000|100%| S|CS|TAMS 0x000000070c300000, 0x000000070c300000| Complete 
| 152|0x000000070c400000, 0x000000070c500000, 0x000000070c500000|100%| S|CS|TAMS 0x000000070c400000, 0x000000070c400000| Complete 
| 153|0x000000070c500000, 0x000000070c600000, 0x000000070c600000|100%| S|CS|TAMS 0x000000070c500000, 0x000000070c500000| Complete 
| 154|0x000000070c600000, 0x000000070c600000, 0x000000070c700000|  0%| F|  |TAMS 0x000000070c600000, 0x000000070c600000| Untracked 
| 155|0x000000070c700000, 0x000000070c700000, 0x000000070c800000|  0%| F|  |TAMS 0x000000070c700000, 0x000000070c700000| Untracked 
| 156|0x000000070c800000, 0x000000070c800000, 0x000000070c900000|  0%| F|  |TAMS 0x000000070c800000, 0x000000070c800000| Untracked 
| 157|0x000000070c900000, 0x000000070c900000, 0x000000070ca00000|  0%| F|  |TAMS 0x000000070c900000, 0x000000070c900000| Untracked 
| 158|0x000000070ca00000, 0x000000070ca00000, 0x000000070cb00000|  0%| F|  |TAMS 0x000000070ca00000, 0x000000070ca00000| Untracked 
| 159|0x000000070cb00000, 0x000000070cb00000, 0x000000070cc00000|  0%| F|  |TAMS 0x000000070cb00000, 0x000000070cb00000| Untracked 
| 160|0x000000070cc00000, 0x000000070cc00000, 0x000000070cd00000|  0%| F|  |TAMS 0x000000070cc00000, 0x000000070cc00000| Untracked 
| 161|0x000000070cd00000, 0x000000070cd00000, 0x000000070ce00000|  0%| F|  |TAMS 0x000000070cd00000, 0x000000070cd00000| Untracked 
| 162|0x000000070ce00000, 0x000000070ce00000, 0x000000070cf00000|  0%| F|  |TAMS 0x000000070ce00000, 0x000000070ce00000| Untracked 
| 163|0x000000070cf00000, 0x000000070cf00000, 0x000000070d000000|  0%| F|  |TAMS 0x000000070cf00000, 0x000000070cf00000| Untracked 
| 164|0x000000070d000000, 0x000000070d000000, 0x000000070d100000|  0%| F|  |TAMS 0x000000070d000000, 0x000000070d000000| Untracked 
| 165|0x000000070d100000, 0x000000070d100000, 0x000000070d200000|  0%| F|  |TAMS 0x000000070d100000, 0x000000070d100000| Untracked 
| 166|0x000000070d200000, 0x000000070d200000, 0x000000070d300000|  0%| F|  |TAMS 0x000000070d200000, 0x000000070d200000| Untracked 
| 167|0x000000070d300000, 0x000000070d300000, 0x000000070d400000|  0%| F|  |TAMS 0x000000070d300000, 0x000000070d300000| Untracked 
| 168|0x000000070d400000, 0x000000070d400000, 0x000000070d500000|  0%| F|  |TAMS 0x000000070d400000, 0x000000070d400000| Untracked 
| 169|0x000000070d500000, 0x000000070d500000, 0x000000070d600000|  0%| F|  |TAMS 0x000000070d500000, 0x000000070d500000| Untracked 
| 170|0x000000070d600000, 0x000000070d700000, 0x000000070d700000|100%| S|CS|TAMS 0x000000070d600000, 0x000000070d600000| Complete 
| 171|0x000000070d700000, 0x000000070d800000, 0x000000070d800000|100%| S|CS|TAMS 0x000000070d700000, 0x000000070d700000| Complete 
| 172|0x000000070d800000, 0x000000070d900000, 0x000000070d900000|100%| S|CS|TAMS 0x000000070d800000, 0x000000070d800000| Complete 
| 173|0x000000070d900000, 0x000000070da00000, 0x000000070da00000|100%| S|CS|TAMS 0x000000070d900000, 0x000000070d900000| Complete 
| 174|0x000000070da00000, 0x000000070db00000, 0x000000070db00000|100%| S|CS|TAMS 0x000000070da00000, 0x000000070da00000| Complete 
| 175|0x000000070db00000, 0x000000070db00000, 0x000000070dc00000|  0%| F|  |TAMS 0x000000070db00000, 0x000000070db00000| Untracked 
| 176|0x000000070dc00000, 0x000000070dc00000, 0x000000070dd00000|  0%| F|  |TAMS 0x000000070dc00000, 0x000000070dc00000| Untracked 
| 177|0x000000070dd00000, 0x000000070dd00000, 0x000000070de00000|  0%| F|  |TAMS 0x000000070dd00000, 0x000000070dd00000| Untracked 
| 178|0x000000070de00000, 0x000000070de00000, 0x000000070df00000|  0%| F|  |TAMS 0x000000070de00000, 0x000000070de00000| Untracked 
| 179|0x000000070df00000, 0x000000070df00000, 0x000000070e000000|  0%| F|  |TAMS 0x000000070df00000, 0x000000070df00000| Untracked 
| 180|0x000000070e000000, 0x000000070e000000, 0x000000070e100000|  0%| F|  |TAMS 0x000000070e000000, 0x000000070e000000| Untracked 
| 181|0x000000070e100000, 0x000000070e100000, 0x000000070e200000|  0%| F|  |TAMS 0x000000070e100000, 0x000000070e100000| Untracked 
| 182|0x000000070e200000, 0x000000070e200000, 0x000000070e300000|  0%| F|  |TAMS 0x000000070e200000, 0x000000070e200000| Untracked 
| 183|0x000000070e300000, 0x000000070e300000, 0x000000070e400000|  0%| F|  |TAMS 0x000000070e300000, 0x000000070e300000| Untracked 
| 184|0x000000070e400000, 0x000000070e400000, 0x000000070e500000|  0%| F|  |TAMS 0x000000070e400000, 0x000000070e400000| Untracked 
| 185|0x000000070e500000, 0x000000070e500000, 0x000000070e600000|  0%| F|  |TAMS 0x000000070e500000, 0x000000070e500000| Untracked 
| 186|0x000000070e600000, 0x000000070e600000, 0x000000070e700000|  0%| F|  |TAMS 0x000000070e600000, 0x000000070e600000| Untracked 
| 187|0x000000070e700000, 0x000000070e700000, 0x000000070e800000|  0%| F|  |TAMS 0x000000070e700000, 0x000000070e700000| Untracked 
| 188|0x000000070e800000, 0x000000070e800000, 0x000000070e900000|  0%| F|  |TAMS 0x000000070e800000, 0x000000070e800000| Untracked 
| 189|0x000000070e900000, 0x000000070e900000, 0x000000070ea00000|  0%| F|  |TAMS 0x000000070e900000, 0x000000070e900000| Untracked 
| 190|0x000000070ea00000, 0x000000070ea00000, 0x000000070eb00000|  0%| F|  |TAMS 0x000000070ea00000, 0x000000070ea00000| Untracked 
| 191|0x000000070eb00000, 0x000000070eb00000, 0x000000070ec00000|  0%| F|  |TAMS 0x000000070eb00000, 0x000000070eb00000| Untracked 
| 192|0x000000070ec00000, 0x000000070ec00000, 0x000000070ed00000|  0%| F|  |TAMS 0x000000070ec00000, 0x000000070ec00000| Untracked 
| 193|0x000000070ed00000, 0x000000070ed00000, 0x000000070ee00000|  0%| F|  |TAMS 0x000000070ed00000, 0x000000070ed00000| Untracked 
| 194|0x000000070ee00000, 0x000000070ee00000, 0x000000070ef00000|  0%| F|  |TAMS 0x000000070ee00000, 0x000000070ee00000| Untracked 
| 195|0x000000070ef00000, 0x000000070ef00000, 0x000000070f000000|  0%| F|  |TAMS 0x000000070ef00000, 0x000000070ef00000| Untracked 
| 196|0x000000070f000000, 0x000000070f000000, 0x000000070f100000|  0%| F|  |TAMS 0x000000070f000000, 0x000000070f000000| Untracked 
| 197|0x000000070f100000, 0x000000070f100000, 0x000000070f200000|  0%| F|  |TAMS 0x000000070f100000, 0x000000070f100000| Untracked 
| 198|0x000000070f200000, 0x000000070f200000, 0x000000070f300000|  0%| F|  |TAMS 0x000000070f200000, 0x000000070f200000| Untracked 
| 199|0x000000070f300000, 0x000000070f300000, 0x000000070f400000|  0%| F|  |TAMS 0x000000070f300000, 0x000000070f300000| Untracked 
| 200|0x000000070f400000, 0x000000070f400000, 0x000000070f500000|  0%| F|  |TAMS 0x000000070f400000, 0x000000070f400000| Untracked 
| 201|0x000000070f500000, 0x000000070f500000, 0x000000070f600000|  0%| F|  |TAMS 0x000000070f500000, 0x000000070f500000| Untracked 
| 202|0x000000070f600000, 0x000000070f600000, 0x000000070f700000|  0%| F|  |TAMS 0x000000070f600000, 0x000000070f600000| Untracked 
| 203|0x000000070f700000, 0x000000070f700000, 0x000000070f800000|  0%| F|  |TAMS 0x000000070f700000, 0x000000070f700000| Untracked 
| 204|0x000000070f800000, 0x000000070f800000, 0x000000070f900000|  0%| F|  |TAMS 0x000000070f800000, 0x000000070f800000| Untracked 
| 205|0x000000070f900000, 0x000000070f900000, 0x000000070fa00000|  0%| F|  |TAMS 0x000000070f900000, 0x000000070f900000| Untracked 
| 206|0x000000070fa00000, 0x000000070fa00000, 0x000000070fb00000|  0%| F|  |TAMS 0x000000070fa00000, 0x000000070fa00000| Untracked 
| 207|0x000000070fb00000, 0x000000070fb00000, 0x000000070fc00000|  0%| F|  |TAMS 0x000000070fb00000, 0x000000070fb00000| Untracked 
| 208|0x000000070fc00000, 0x000000070fc00000, 0x000000070fd00000|  0%| F|  |TAMS 0x000000070fc00000, 0x000000070fc00000| Untracked 
| 209|0x000000070fd00000, 0x000000070fd00000, 0x000000070fe00000|  0%| F|  |TAMS 0x000000070fd00000, 0x000000070fd00000| Untracked 
| 210|0x000000070fe00000, 0x000000070fe00000, 0x000000070ff00000|  0%| F|  |TAMS 0x000000070fe00000, 0x000000070fe00000| Untracked 
| 211|0x000000070ff00000, 0x000000070ff00000, 0x0000000710000000|  0%| F|  |TAMS 0x000000070ff00000, 0x000000070ff00000| Untracked 
| 212|0x0000000710000000, 0x0000000710000000, 0x0000000710100000|  0%| F|  |TAMS 0x0000000710000000, 0x0000000710000000| Untracked 
| 213|0x0000000710100000, 0x0000000710100000, 0x0000000710200000|  0%| F|  |TAMS 0x0000000710100000, 0x0000000710100000| Untracked 
| 214|0x0000000710200000, 0x0000000710200000, 0x0000000710300000|  0%| F|  |TAMS 0x0000000710200000, 0x0000000710200000| Untracked 
| 215|0x0000000710300000, 0x0000000710300000, 0x0000000710400000|  0%| F|  |TAMS 0x0000000710300000, 0x0000000710300000| Untracked 
| 216|0x0000000710400000, 0x0000000710400000, 0x0000000710500000|  0%| F|  |TAMS 0x0000000710400000, 0x0000000710400000| Untracked 
| 217|0x0000000710500000, 0x0000000710500000, 0x0000000710600000|  0%| F|  |TAMS 0x0000000710500000, 0x0000000710500000| Untracked 
| 218|0x0000000710600000, 0x0000000710600000, 0x0000000710700000|  0%| F|  |TAMS 0x0000000710600000, 0x0000000710600000| Untracked 
| 219|0x0000000710700000, 0x0000000710700000, 0x0000000710800000|  0%| F|  |TAMS 0x0000000710700000, 0x0000000710700000| Untracked 
| 220|0x0000000710800000, 0x0000000710800000, 0x0000000710900000|  0%| F|  |TAMS 0x0000000710800000, 0x0000000710800000| Untracked 
| 221|0x0000000710900000, 0x0000000710900000, 0x0000000710a00000|  0%| F|  |TAMS 0x0000000710900000, 0x0000000710900000| Untracked 
| 222|0x0000000710a00000, 0x0000000710a00000, 0x0000000710b00000|  0%| F|  |TAMS 0x0000000710a00000, 0x0000000710a00000| Untracked 
| 223|0x0000000710b00000, 0x0000000710b00000, 0x0000000710c00000|  0%| F|  |TAMS 0x0000000710b00000, 0x0000000710b00000| Untracked 
| 224|0x0000000710c00000, 0x0000000710c00000, 0x0000000710d00000|  0%| F|  |TAMS 0x0000000710c00000, 0x0000000710c00000| Untracked 
| 225|0x0000000710d00000, 0x0000000710d00000, 0x0000000710e00000|  0%| F|  |TAMS 0x0000000710d00000, 0x0000000710d00000| Untracked 
| 226|0x0000000710e00000, 0x0000000710e00000, 0x0000000710f00000|  0%| F|  |TAMS 0x0000000710e00000, 0x0000000710e00000| Untracked 
| 227|0x0000000710f00000, 0x0000000710f00000, 0x0000000711000000|  0%| F|  |TAMS 0x0000000710f00000, 0x0000000710f00000| Untracked 
| 228|0x0000000711000000, 0x0000000711000000, 0x0000000711100000|  0%| F|  |TAMS 0x0000000711000000, 0x0000000711000000| Untracked 
| 229|0x0000000711100000, 0x0000000711100000, 0x0000000711200000|  0%| F|  |TAMS 0x0000000711100000, 0x0000000711100000| Untracked 
| 230|0x0000000711200000, 0x0000000711200000, 0x0000000711300000|  0%| F|  |TAMS 0x0000000711200000, 0x0000000711200000| Untracked 
| 231|0x0000000711300000, 0x0000000711300000, 0x0000000711400000|  0%| F|  |TAMS 0x0000000711300000, 0x0000000711300000| Untracked 
| 232|0x0000000711400000, 0x0000000711400000, 0x0000000711500000|  0%| F|  |TAMS 0x0000000711400000, 0x0000000711400000| Untracked 
| 233|0x0000000711500000, 0x0000000711500000, 0x0000000711600000|  0%| F|  |TAMS 0x0000000711500000, 0x0000000711500000| Untracked 
| 234|0x0000000711600000, 0x0000000711600000, 0x0000000711700000|  0%| F|  |TAMS 0x0000000711600000, 0x0000000711600000| Untracked 
| 235|0x0000000711700000, 0x0000000711700000, 0x0000000711800000|  0%| F|  |TAMS 0x0000000711700000, 0x0000000711700000| Untracked 
| 236|0x0000000711800000, 0x0000000711800000, 0x0000000711900000|  0%| F|  |TAMS 0x0000000711800000, 0x0000000711800000| Untracked 
| 237|0x0000000711900000, 0x0000000711900000, 0x0000000711a00000|  0%| F|  |TAMS 0x0000000711900000, 0x0000000711900000| Untracked 
| 238|0x0000000711a00000, 0x0000000711a00000, 0x0000000711b00000|  0%| F|  |TAMS 0x0000000711a00000, 0x0000000711a00000| Untracked 
| 239|0x0000000711b00000, 0x0000000711b00000, 0x0000000711c00000|  0%| F|  |TAMS 0x0000000711b00000, 0x0000000711b00000| Untracked 
| 240|0x0000000711c00000, 0x0000000711c00000, 0x0000000711d00000|  0%| F|  |TAMS 0x0000000711c00000, 0x0000000711c00000| Untracked 
| 241|0x0000000711d00000, 0x0000000711d00000, 0x0000000711e00000|  0%| F|  |TAMS 0x0000000711d00000, 0x0000000711d00000| Untracked 
| 242|0x0000000711e00000, 0x0000000711e00000, 0x0000000711f00000|  0%| F|  |TAMS 0x0000000711e00000, 0x0000000711e00000| Untracked 
| 243|0x0000000711f00000, 0x0000000711f00000, 0x0000000712000000|  0%| F|  |TAMS 0x0000000711f00000, 0x0000000711f00000| Untracked 
| 244|0x0000000712000000, 0x0000000712000000, 0x0000000712100000|  0%| F|  |TAMS 0x0000000712000000, 0x0000000712000000| Untracked 
| 245|0x0000000712100000, 0x0000000712100000, 0x0000000712200000|  0%| F|  |TAMS 0x0000000712100000, 0x0000000712100000| Untracked 
| 246|0x0000000712200000, 0x0000000712200000, 0x0000000712300000|  0%| F|  |TAMS 0x0000000712200000, 0x0000000712200000| Untracked 
| 247|0x0000000712300000, 0x0000000712300000, 0x0000000712400000|  0%| F|  |TAMS 0x0000000712300000, 0x0000000712300000| Untracked 
| 248|0x0000000712400000, 0x0000000712400000, 0x0000000712500000|  0%| F|  |TAMS 0x0000000712400000, 0x0000000712400000| Untracked 
| 249|0x0000000712500000, 0x0000000712500000, 0x0000000712600000|  0%| F|  |TAMS 0x0000000712500000, 0x0000000712500000| Untracked 
| 250|0x0000000712600000, 0x0000000712600000, 0x0000000712700000|  0%| F|  |TAMS 0x0000000712600000, 0x0000000712600000| Untracked 
| 251|0x0000000712700000, 0x0000000712700000, 0x0000000712800000|  0%| F|  |TAMS 0x0000000712700000, 0x0000000712700000| Untracked 
| 252|0x0000000712800000, 0x0000000712800000, 0x0000000712900000|  0%| F|  |TAMS 0x0000000712800000, 0x0000000712800000| Untracked 
| 253|0x0000000712900000, 0x0000000712900000, 0x0000000712a00000|  0%| F|  |TAMS 0x0000000712900000, 0x0000000712900000| Untracked 
| 254|0x0000000712a00000, 0x0000000712a00000, 0x0000000712b00000|  0%| F|  |TAMS 0x0000000712a00000, 0x0000000712a00000| Untracked 
| 255|0x0000000712b00000, 0x0000000712b00000, 0x0000000712c00000|  0%| F|  |TAMS 0x0000000712b00000, 0x0000000712b00000| Untracked 
| 256|0x0000000712c00000, 0x0000000712c00000, 0x0000000712d00000|  0%| F|  |TAMS 0x0000000712c00000, 0x0000000712c00000| Untracked 
| 257|0x0000000712d00000, 0x0000000712d00000, 0x0000000712e00000|  0%| F|  |TAMS 0x0000000712d00000, 0x0000000712d00000| Untracked 
| 258|0x0000000712e00000, 0x0000000712e00000, 0x0000000712f00000|  0%| F|  |TAMS 0x0000000712e00000, 0x0000000712e00000| Untracked 
| 259|0x0000000712f00000, 0x0000000712f00000, 0x0000000713000000|  0%| F|  |TAMS 0x0000000712f00000, 0x0000000712f00000| Untracked 
| 260|0x0000000713000000, 0x0000000713000000, 0x0000000713100000|  0%| F|  |TAMS 0x0000000713000000, 0x0000000713000000| Untracked 
| 261|0x0000000713100000, 0x0000000713100000, 0x0000000713200000|  0%| F|  |TAMS 0x0000000713100000, 0x0000000713100000| Untracked 
| 262|0x0000000713200000, 0x0000000713200000, 0x0000000713300000|  0%| F|  |TAMS 0x0000000713200000, 0x0000000713200000| Untracked 
| 263|0x0000000713300000, 0x0000000713300000, 0x0000000713400000|  0%| F|  |TAMS 0x0000000713300000, 0x0000000713300000| Untracked 
| 264|0x0000000713400000, 0x0000000713400000, 0x0000000713500000|  0%| F|  |TAMS 0x0000000713400000, 0x0000000713400000| Untracked 
| 265|0x0000000713500000, 0x0000000713500000, 0x0000000713600000|  0%| F|  |TAMS 0x0000000713500000, 0x0000000713500000| Untracked 
| 266|0x0000000713600000, 0x0000000713600000, 0x0000000713700000|  0%| F|  |TAMS 0x0000000713600000, 0x0000000713600000| Untracked 
| 267|0x0000000713700000, 0x0000000713700000, 0x0000000713800000|  0%| F|  |TAMS 0x0000000713700000, 0x0000000713700000| Untracked 
| 268|0x0000000713800000, 0x0000000713800000, 0x0000000713900000|  0%| F|  |TAMS 0x0000000713800000, 0x0000000713800000| Untracked 
| 269|0x0000000713900000, 0x0000000713900000, 0x0000000713a00000|  0%| F|  |TAMS 0x0000000713900000, 0x0000000713900000| Untracked 
| 270|0x0000000713a00000, 0x0000000713a00000, 0x0000000713b00000|  0%| F|  |TAMS 0x0000000713a00000, 0x0000000713a00000| Untracked 
| 271|0x0000000713b00000, 0x0000000713b00000, 0x0000000713c00000|  0%| F|  |TAMS 0x0000000713b00000, 0x0000000713b00000| Untracked 
| 272|0x0000000713c00000, 0x0000000713c00000, 0x0000000713d00000|  0%| F|  |TAMS 0x0000000713c00000, 0x0000000713c00000| Untracked 
| 273|0x0000000713d00000, 0x0000000713d00000, 0x0000000713e00000|  0%| F|  |TAMS 0x0000000713d00000, 0x0000000713d00000| Untracked 
| 274|0x0000000713e00000, 0x0000000713e00000, 0x0000000713f00000|  0%| F|  |TAMS 0x0000000713e00000, 0x0000000713e00000| Untracked 
| 275|0x0000000713f00000, 0x0000000713f00000, 0x0000000714000000|  0%| F|  |TAMS 0x0000000713f00000, 0x0000000713f00000| Untracked 
| 276|0x0000000714000000, 0x0000000714000000, 0x0000000714100000|  0%| F|  |TAMS 0x0000000714000000, 0x0000000714000000| Untracked 
| 277|0x0000000714100000, 0x0000000714180800, 0x0000000714200000| 50%| E|  |TAMS 0x0000000714100000, 0x0000000714100000| Complete 
| 278|0x0000000714200000, 0x0000000714300000, 0x0000000714300000|100%| E|CS|TAMS 0x0000000714200000, 0x0000000714200000| Complete 
| 279|0x0000000714300000, 0x0000000714400000, 0x0000000714400000|100%| E|CS|TAMS 0x0000000714300000, 0x0000000714300000| Complete 
| 280|0x0000000714400000, 0x0000000714500000, 0x0000000714500000|100%| E|CS|TAMS 0x0000000714400000, 0x0000000714400000| Complete 
| 281|0x0000000714500000, 0x0000000714600000, 0x0000000714600000|100%| E|CS|TAMS 0x0000000714500000, 0x0000000714500000| Complete 
| 282|0x0000000714600000, 0x0000000714700000, 0x0000000714700000|100%| E|CS|TAMS 0x0000000714600000, 0x0000000714600000| Complete 
| 283|0x0000000714700000, 0x0000000714800000, 0x0000000714800000|100%| E|CS|TAMS 0x0000000714700000, 0x0000000714700000| Complete 
| 284|0x0000000714800000, 0x0000000714900000, 0x0000000714900000|100%| E|CS|TAMS 0x0000000714800000, 0x0000000714800000| Complete 
| 285|0x0000000714900000, 0x0000000714a00000, 0x0000000714a00000|100%| E|CS|TAMS 0x0000000714900000, 0x0000000714900000| Complete 
| 286|0x0000000714a00000, 0x0000000714b00000, 0x0000000714b00000|100%| E|CS|TAMS 0x0000000714a00000, 0x0000000714a00000| Complete 
| 287|0x0000000714b00000, 0x0000000714c00000, 0x0000000714c00000|100%| E|CS|TAMS 0x0000000714b00000, 0x0000000714b00000| Complete 
| 288|0x0000000714c00000, 0x0000000714d00000, 0x0000000714d00000|100%| E|CS|TAMS 0x0000000714c00000, 0x0000000714c00000| Complete 
| 289|0x0000000714d00000, 0x0000000714e00000, 0x0000000714e00000|100%| E|CS|TAMS 0x0000000714d00000, 0x0000000714d00000| Complete 
| 290|0x0000000714e00000, 0x0000000714f00000, 0x0000000714f00000|100%| E|CS|TAMS 0x0000000714e00000, 0x0000000714e00000| Complete 
| 291|0x0000000714f00000, 0x0000000715000000, 0x0000000715000000|100%| E|CS|TAMS 0x0000000714f00000, 0x0000000714f00000| Complete 
| 292|0x0000000715000000, 0x0000000715100000, 0x0000000715100000|100%| E|CS|TAMS 0x0000000715000000, 0x0000000715000000| Complete 
| 293|0x0000000715100000, 0x0000000715200000, 0x0000000715200000|100%| E|CS|TAMS 0x0000000715100000, 0x0000000715100000| Complete 
| 294|0x0000000715200000, 0x0000000715300000, 0x0000000715300000|100%| E|CS|TAMS 0x0000000715200000, 0x0000000715200000| Complete 
| 295|0x0000000715300000, 0x0000000715400000, 0x0000000715400000|100%| E|CS|TAMS 0x0000000715300000, 0x0000000715300000| Complete 
| 296|0x0000000715400000, 0x0000000715500000, 0x0000000715500000|100%| E|CS|TAMS 0x0000000715400000, 0x0000000715400000| Complete 
| 297|0x0000000715500000, 0x0000000715600000, 0x0000000715600000|100%| E|CS|TAMS 0x0000000715500000, 0x0000000715500000| Complete 
| 298|0x0000000715600000, 0x0000000715700000, 0x0000000715700000|100%| E|CS|TAMS 0x0000000715600000, 0x0000000715600000| Complete 
| 299|0x0000000715700000, 0x0000000715800000, 0x0000000715800000|100%| E|CS|TAMS 0x0000000715700000, 0x0000000715700000| Complete 
| 300|0x0000000715800000, 0x0000000715900000, 0x0000000715900000|100%| E|CS|TAMS 0x0000000715800000, 0x0000000715800000| Complete 
| 301|0x0000000715900000, 0x0000000715a00000, 0x0000000715a00000|100%| E|CS|TAMS 0x0000000715900000, 0x0000000715900000| Complete 
| 302|0x0000000715a00000, 0x0000000715b00000, 0x0000000715b00000|100%| E|  |TAMS 0x0000000715a00000, 0x0000000715a00000| Complete 
| 303|0x0000000715b00000, 0x0000000715c00000, 0x0000000715c00000|100%| E|CS|TAMS 0x0000000715b00000, 0x0000000715b00000| Complete 
| 304|0x0000000715c00000, 0x0000000715d00000, 0x0000000715d00000|100%| E|CS|TAMS 0x0000000715c00000, 0x0000000715c00000| Complete 

Card table byte_map: [0x000001d2f3ba0000,0x000001d2f4390000] _byte_map_base: 0x000001d2f038a000

Marking Bits (Prev, Next): (CMBitMap*) 0x000001d2de464830, (CMBitMap*) 0x000001d2de4647f8
 Prev Bits: [0x000001d2f8ad0000, 0x000001d2fca20000)
 Next Bits: [0x000001d2f4b80000, 0x000001d2f8ad0000)

Polling page: 0x000001d2de4d0000

Metaspace:

Usage:
  Non-class:     77.15 MB capacity,    76.63 MB (>99%) used,   386.52 KB ( <1%) free+waste,   140.56 KB ( <1%) overhead. 
      Class:      9.39 MB capacity,     9.04 MB ( 96%) used,   296.09 KB (  3%) free+waste,    56.75 KB ( <1%) overhead. 
       Both:     86.53 MB capacity,    85.67 MB (>99%) used,   682.62 KB ( <1%) free+waste,   197.31 KB ( <1%) overhead. 

Virtual space:
  Non-class space:       78.00 MB reserved,      77.16 MB ( 99%) committed 
      Class space:        1.00 GB reserved,       9.42 MB ( <1%) committed 
             Both:        1.08 GB reserved,      86.58 MB (  8%) committed 

Chunk freelists:
   Non-Class:  11.00 KB
       Class:  21.00 KB
        Both:  32.00 KB

MaxMetaspaceSize: 17179869184.00 GB
CompressedClassSpaceSize: 1.00 GB
Initial GC threshold: 20.80 MB
Current GC threshold: 98.67 MB
CDS: off

CodeHeap 'non-profiled nmethods': size=120000Kb used=7833Kb max_used=7833Kb free=112166Kb
 bounds [0x000001d2eb1e0000, 0x000001d2eb990000, 0x000001d2f2710000]
CodeHeap 'profiled nmethods': size=120000Kb used=43903Kb max_used=43903Kb free=76096Kb
 bounds [0x000001d2e3cb0000, 0x000001d2e6790000, 0x000001d2eb1e0000]
CodeHeap 'non-nmethods': size=5760Kb used=1412Kb max_used=1469Kb free=4347Kb
 bounds [0x000001d2e3710000, 0x000001d2e3980000, 0x000001d2e3cb0000]
 total_blobs=14497 nmethods=13782 adapters=624
 compilation: enabled
              stopped_count=0, restarted_count=0
 full_count=0

Compilation events (20 events):
Event: 9.416 Thread 0x000001d28010c800 nmethod 13802 0x000001d2e6767290 code [0x000001d2e6767460, 0x000001d2e6767628]
Event: 9.416 Thread 0x000001d28010c800 13799       1       org.jetbrains.kotlin.backend.jvm.codegen.ClassCodegen::getReifiedTypeParametersUsages (5 bytes)
Event: 9.416 Thread 0x000001d28010c800 nmethod 13799 0x000001d2eb984790 code [0x000001d2eb984940, 0x000001d2eb9849f8]
Event: 9.416 Thread 0x000001d28010c800 13803       2       org.jetbrains.kotlin.backend.jvm.ir.JvmIrCoroutineUtilsKt::isInvokeSuspendOfContinuation (46 bytes)
Event: 9.417 Thread 0x000001d28010c800 nmethod 13803 0x000001d2e6767710 code [0x000001d2e6767960, 0x000001d2e6767d38]
Event: 9.417 Thread 0x000001d28010c800 13804       2       gnu.trove.THash::postInsertHook (72 bytes)
Event: 9.417 Thread 0x000001d28010c800 nmethod 13804 0x000001d2e6768010 code [0x000001d2e6768200, 0x000001d2e6768468]
Event: 9.417 Thread 0x000001d28010c800 13805       2       org.jetbrains.kotlin.codegen.DelegatingClassBuilder::newMethod (54 bytes)
Event: 9.418 Thread 0x000001d28010c800 nmethod 13805 0x000001d2e6768610 code [0x000001d2e6768800, 0x000001d2e6768a58]
Event: 9.418 Thread 0x000001d28010c800 13806       1       org.jetbrains.kotlin.resolve.jvm.diagnostics.JvmDeclarationOrigin::getOriginKind (5 bytes)
Event: 9.418 Thread 0x000001d28010c800 nmethod 13806 0x000001d2eb984a90 code [0x000001d2eb984c40, 0x000001d2eb984cf8]
Event: 9.418 Thread 0x000001d28010c800 13807       1       org.jetbrains.kotlin.codegen.state.GenerationState::getDisableOptimization (5 bytes)
Event: 9.418 Thread 0x000001d28010c800 nmethod 13807 0x000001d2eb984d90 code [0x000001d2eb984f40, 0x000001d2eb984ff8]
Event: 9.418 Thread 0x000001d28010c800 13808       1       org.jetbrains.kotlin.resolve.jvm.jvmSignature.JvmMethodGenericSignature::getGenericsSignature (5 bytes)
Event: 9.418 Thread 0x000001d28010c800 nmethod 13808 0x000001d2eb985090 code [0x000001d2eb985240, 0x000001d2eb9852f8]
Event: 9.418 Thread 0x000001d28010c800 13810       2       org.jetbrains.org.objectweb.asm.signature.SignatureWriter::visitClassType (30 bytes)
Event: 9.418 Thread 0x000001d28010c800 nmethod 13810 0x000001d2e6768b90 code [0x000001d2e6768d60, 0x000001d2e6768ef8]
Event: 9.418 Thread 0x000001d28010c800 13809       1       org.jetbrains.kotlin.codegen.state.GenerationState::getGenerateParametersMetadata (5 bytes)
Event: 9.418 Thread 0x000001d28010c800 nmethod 13809 0x000001d2eb985390 code [0x000001d2eb985540, 0x000001d2eb9855f8]
Event: 9.418 Thread 0x000001d28010c800 13811       2       org.jetbrains.org.objectweb.asm.tree.MethodNode::accept (874 bytes)

GC Heap History (18 events):
Event: 0.474 GC heap before
{Heap before GC invocations=0 (full 0):
 garbage-first heap   total 260096K, used 28672K [0x0000000702c00000, 0x0000000800000000)
  region size 1024K, 24 young (24576K), 0 survivors (0K)
 Metaspace       used 12126K, capacity 12280K, committed 12544K, reserved 1060864K
  class space    used 1118K, capacity 1175K, committed 1280K, reserved 1048576K
}
Event: 0.477 GC heap after
{Heap after GC invocations=1 (full 0):
 garbage-first heap   total 260096K, used 6691K [0x0000000702c00000, 0x0000000800000000)
  region size 1024K, 3 young (3072K), 3 survivors (3072K)
 Metaspace       used 12126K, capacity 12280K, committed 12544K, reserved 1060864K
  class space    used 1118K, capacity 1175K, committed 1280K, reserved 1048576K
}
Event: 1.017 GC heap before
{Heap before GC invocations=1 (full 0):
 garbage-first heap   total 260096K, used 44579K [0x0000000702c00000, 0x0000000800000000)
  region size 1024K, 41 young (41984K), 3 survivors (3072K)
 Metaspace       used 21047K, capacity 21199K, committed 21296K, reserved 1069056K
  class space    used 2226K, capacity 2308K, committed 2352K, reserved 1048576K
}
Event: 1.025 GC heap after
{Heap after GC invocations=2 (full 0):
 garbage-first heap   total 260096K, used 10448K [0x0000000702c00000, 0x0000000800000000)
  region size 1024K, 7 young (7168K), 7 survivors (7168K)
 Metaspace       used 21047K, capacity 21199K, committed 21296K, reserved 1069056K
  class space    used 2226K, capacity 2308K, committed 2352K, reserved 1048576K
}
Event: 1.711 GC heap before
{Heap before GC invocations=3 (full 0):
 garbage-first heap   total 260096K, used 69840K [0x0000000702c00000, 0x0000000800000000)
  region size 1024K, 59 young (60416K), 7 survivors (7168K)
 Metaspace       used 31812K, capacity 32258K, committed 32560K, reserved 1077248K
  class space    used 3931K, capacity 4111K, committed 4144K, reserved 1048576K
}
Event: 1.722 GC heap after
{Heap after GC invocations=4 (full 0):
 garbage-first heap   total 260096K, used 24289K [0x0000000702c00000, 0x0000000800000000)
  region size 1024K, 8 young (8192K), 8 survivors (8192K)
 Metaspace       used 31812K, capacity 32258K, committed 32560K, reserved 1077248K
  class space    used 3931K, capacity 4111K, committed 4144K, reserved 1048576K
}
Event: 1.897 GC heap before
{Heap before GC invocations=4 (full 0):
 garbage-first heap   total 260096K, used 40673K [0x0000000702c00000, 0x0000000800000000)
  region size 1024K, 25 young (25600K), 8 survivors (8192K)
 Metaspace       used 35347K, capacity 35785K, committed 35920K, reserved 1081344K
  class space    used 4314K, capacity 4498K, committed 4528K, reserved 1048576K
}
Event: 1.903 GC heap after
{Heap after GC invocations=5 (full 0):
 garbage-first heap   total 260096K, used 26337K [0x0000000702c00000, 0x0000000800000000)
  region size 1024K, 10 young (10240K), 10 survivors (10240K)
 Metaspace       used 35347K, capacity 35785K, committed 35920K, reserved 1081344K
  class space    used 4314K, capacity 4498K, committed 4528K, reserved 1048576K
}
Event: 1.931 GC heap before
{Heap before GC invocations=6 (full 0):
 garbage-first heap   total 260096K, used 28385K [0x0000000702c00000, 0x0000000800000000)
  region size 1024K, 12 young (12288K), 10 survivors (10240K)
 Metaspace       used 35540K, capacity 35988K, committed 36176K, reserved 1081344K
  class space    used 4335K, capacity 4502K, committed 4528K, reserved 1048576K
}
Event: 1.938 GC heap after
{Heap after GC invocations=7 (full 0):
 garbage-first heap   total 260096K, used 25253K [0x0000000702c00000, 0x0000000800000000)
  region size 1024K, 2 young (2048K), 2 survivors (2048K)
 Metaspace       used 35540K, capacity 35988K, committed 36176K, reserved 1081344K
  class space    used 4335K, capacity 4502K, committed 4528K, reserved 1048576K
}
Event: 3.033 GC heap before
{Heap before GC invocations=7 (full 0):
 garbage-first heap   total 260096K, used 101029K [0x0000000702c00000, 0x0000000800000000)
  region size 1024K, 73 young (74752K), 2 survivors (2048K)
 Metaspace       used 50756K, capacity 51364K, committed 51664K, reserved 1095680K
  class space    used 5905K, capacity 6144K, committed 6192K, reserved 1048576K
}
Event: 3.040 GC heap after
{Heap after GC invocations=8 (full 0):
 garbage-first heap   total 312320K, used 33878K [0x0000000702c00000, 0x0000000800000000)
  region size 1024K, 8 young (8192K), 8 survivors (8192K)
 Metaspace       used 50756K, capacity 51364K, committed 51664K, reserved 1095680K
  class space    used 5905K, capacity 6144K, committed 6192K, reserved 1048576K
}
Event: 4.667 GC heap before
{Heap before GC invocations=8 (full 0):
 garbage-first heap   total 312320K, used 179286K [0x0000000702c00000, 0x0000000800000000)
  region size 1024K, 151 young (154624K), 8 survivors (8192K)
 Metaspace       used 59470K, capacity 60138K, committed 60240K, reserved 1101824K
  class space    used 6760K, capacity 7036K, committed 7088K, reserved 1048576K
}
Event: 4.718 GC heap after
{Heap after GC invocations=9 (full 0):
 garbage-first heap   total 312320K, used 50226K [0x0000000702c00000, 0x0000000800000000)
  region size 1024K, 23 young (23552K), 23 survivors (23552K)
 Metaspace       used 59470K, capacity 60138K, committed 60240K, reserved 1101824K
  class space    used 6760K, capacity 7036K, committed 7088K, reserved 1048576K
}
Event: 7.567 GC heap before
{Heap before GC invocations=10 (full 0):
 garbage-first heap   total 312320K, used 189490K [0x0000000702c00000, 0x0000000800000000)
  region size 1024K, 158 young (161792K), 23 survivors (23552K)
 Metaspace       used 73262K, capacity 74133K, committed 74320K, reserved 1116160K
  class space    used 7948K, capacity 8288K, committed 8368K, reserved 1048576K
}
Event: 7.590 GC heap after
{Heap after GC invocations=11 (full 0):
 garbage-first heap   total 312320K, used 68079K [0x0000000702c00000, 0x0000000800000000)
  region size 1024K, 18 young (18432K), 18 survivors (18432K)
 Metaspace       used 73262K, capacity 74133K, committed 74320K, reserved 1116160K
  class space    used 7948K, capacity 8288K, committed 8368K, reserved 1048576K
}
Event: 9.124 GC heap before
{Heap before GC invocations=11 (full 0):
 garbage-first heap   total 312320K, used 201199K [0x0000000702c00000, 0x0000000800000000)
  region size 1024K, 148 young (151552K), 18 survivors (18432K)
 Metaspace       used 86082K, capacity 86903K, committed 87120K, reserved 1126400K
  class space    used 9159K, capacity 9513K, committed 9648K, reserved 1048576K
}
Event: 9.141 GC heap after
{Heap after GC invocations=12 (full 0):
 garbage-first heap   total 312320K, used 80867K [0x0000000702c00000, 0x0000000800000000)
  region size 1024K, 12 young (12288K), 12 survivors (12288K)
 Metaspace       used 86082K, capacity 86903K, committed 87120K, reserved 1126400K
  class space    used 9159K, capacity 9513K, committed 9648K, reserved 1048576K
}

Deoptimization events (20 events):
Event: 9.379 Thread 0x000001d2de400800 Uncommon trap: trap_request=0xffffffde fr.pc=0x000001d2eb7a8ebc relative=0x0000000000000fbc
Event: 9.379 Thread 0x000001d2de400800 Uncommon trap: reason=class_check action=maybe_recompile pc=0x000001d2eb7a8ebc method=org.jetbrains.kotlin.load.java.lazy.descriptors.LazyJavaScope.getContributedVariables(Lorg/jetbrains/kotlin/name/Name;Lorg/jetbrains/kotlin/incremental/components/Lookup
Event: 9.379 Thread 0x000001d2de400800 DEOPT PACKING pc=0x000001d2eb7a8ebc sp=0x00000020557fd900
Event: 9.379 Thread 0x000001d2de400800 DEOPT UNPACKING pc=0x000001d2e375a1af sp=0x00000020557fd8b8 mode 2
Event: 9.379 Thread 0x000001d2de400800 Uncommon trap: trap_request=0xffffffde fr.pc=0x000001d2eb7a8ebc relative=0x0000000000000fbc
Event: 9.379 Thread 0x000001d2de400800 Uncommon trap: reason=class_check action=maybe_recompile pc=0x000001d2eb7a8ebc method=org.jetbrains.kotlin.load.java.lazy.descriptors.LazyJavaScope.getContributedVariables(Lorg/jetbrains/kotlin/name/Name;Lorg/jetbrains/kotlin/incremental/components/Lookup
Event: 9.379 Thread 0x000001d2de400800 DEOPT PACKING pc=0x000001d2eb7a8ebc sp=0x00000020557fd900
Event: 9.379 Thread 0x000001d2de400800 DEOPT UNPACKING pc=0x000001d2e375a1af sp=0x00000020557fd8b8 mode 2
Event: 9.381 Thread 0x000001d2de400800 Uncommon trap: trap_request=0xffffff4d fr.pc=0x000001d2eb525734 relative=0x0000000000000354
Event: 9.381 Thread 0x000001d2de400800 Uncommon trap: reason=unstable_if action=reinterpret pc=0x000001d2eb525734 method=gnu.trove.TObjectHash.insertionIndex(Ljava/lang/Object;)I @ 150 c2
Event: 9.381 Thread 0x000001d2de400800 DEOPT PACKING pc=0x000001d2eb525734 sp=0x00000020557fcb60
Event: 9.381 Thread 0x000001d2de400800 DEOPT UNPACKING pc=0x000001d2e375a1af sp=0x00000020557fcae0 mode 2
Event: 9.391 Thread 0x000001d2de400800 Uncommon trap: trap_request=0xffffffc6 fr.pc=0x000001d2eb88ea08 relative=0x0000000000001008
Event: 9.391 Thread 0x000001d2de400800 Uncommon trap: reason=bimorphic_or_optimized_type_check action=maybe_recompile pc=0x000001d2eb88ea08 method=kotlin.collections.CollectionsKt___CollectionsKt.toSet(Ljava/lang/Iterable;)Ljava/util/Set; @ 62 c2
Event: 9.391 Thread 0x000001d2de400800 DEOPT PACKING pc=0x000001d2eb88ea08 sp=0x00000020557fb200
Event: 9.391 Thread 0x000001d2de400800 DEOPT UNPACKING pc=0x000001d2e375a1af sp=0x00000020557fb1e8 mode 2
Event: 9.398 Thread 0x000001d2de400800 Uncommon trap: trap_request=0xffffff4d fr.pc=0x000001d2eb46b7ac relative=0x000000000000016c
Event: 9.398 Thread 0x000001d2de400800 Uncommon trap: reason=unstable_if action=reinterpret pc=0x000001d2eb46b7ac method=gnu.trove.THash.postInsertHook(Z)V @ 49 c2
Event: 9.398 Thread 0x000001d2de400800 DEOPT PACKING pc=0x000001d2eb46b7ac sp=0x00000020557fd1f0
Event: 9.398 Thread 0x000001d2de400800 DEOPT UNPACKING pc=0x000001d2e375a1af sp=0x00000020557fd180 mode 2

Classes redefined (0 events):
No events

Internal exceptions (20 events):
Event: 5.352 Thread 0x000001d2de400800 Exception <a 'java/lang/NoSuchMethodError'{0x000000071469e4f8}: 'java.lang.Object java.lang.invoke.Invokers$Holder.linkToTargetMethod(java.lang.Object, java.lang.Object, java.lang.Object, java.lang.Object, java.lang.Object, java.lang.Object, java.lang.Object)'> (0x000000071469e4f8) thrown at [src/hotspot/share/interpreter/linkResolver.cpp, line 773]
Event: 5.499 Thread 0x000001d2de400800 Implicit null exception at 0x000001d2eb4a505c to 0x000001d2eb4a5aa0
Event: 6.173 Thread 0x000001d2de400800 Implicit null exception at 0x000001d2eb23f375 to 0x000001d2eb23f564
Event: 6.874 Thread 0x000001d2de400800 Implicit null exception at 0x000001d2eb2a0a43 to 0x000001d2eb2a0bc8
Event: 6.874 Thread 0x000001d2de400800 Implicit null exception at 0x000001d2eb241bf8 to 0x000001d2eb241c8a
Event: 6.956 Thread 0x000001d2de400800 Implicit null exception at 0x000001d2eb6a0d4f to 0x000001d2eb6a0e00
Event: 7.075 Thread 0x000001d2de400800 Implicit null exception at 0x000001d2eb617776 to 0x000001d2eb617ad0
Event: 7.075 Thread 0x000001d2de400800 Implicit null exception at 0x000001d2eb4aea7b to 0x000001d2eb4aed50
Event: 7.247 Thread 0x000001d2de400800 Exception <a 'java/lang/NoSuchMethodError'{0x000000070eac67a8}: 'java.lang.Object java.lang.invoke.DirectMethodHandle$Holder.invokeStatic(java.lang.Object, java.lang.Object, java.lang.Object, int, int, java.lang.Object, java.lang.Object, java.lang.Object)'> (0x000000070eac67a8) thrown at [src/hotspot/share/interpreter/linkResolver.cpp, line 773]
Event: 7.247 Thread 0x000001d2de400800 Exception <a 'java/lang/NoSuchMethodError'{0x000000070ead0d58}: 'java.lang.Object java.lang.invoke.DirectMethodHandle$Holder.invokeStatic(java.lang.Object, java.lang.Object, java.lang.Object, int, int)'> (0x000000070ead0d58) thrown at [src/hotspot/share/interpreter/linkResolver.cpp, line 773]
Event: 7.248 Thread 0x000001d2de400800 Exception <a 'java/lang/NoSuchMethodError'{0x000000070ead4538}: 'java.lang.Object java.lang.invoke.DirectMethodHandle$Holder.invokeSpecial(java.lang.Object, java.lang.Object, java.lang.Object, java.lang.Object, int, int)'> (0x000000070ead4538) thrown at [src/hotspot/share/interpreter/linkResolver.cpp, line 773]
Event: 7.248 Thread 0x000001d2de400800 Exception <a 'java/lang/NoSuchMethodError'{0x000000070ead7640}: 'java.lang.Object java.lang.invoke.Invokers$Holder.linkToTargetMethod(java.lang.Object, java.lang.Object, int, int, java.lang.Object)'> (0x000000070ead7640) thrown at [src/hotspot/share/interpreter/linkResolver.cpp, line 773]
Event: 7.258 Thread 0x000001d2de400800 Exception <a 'java/lang/NoSuchMethodError'{0x000000070e9b0d30}: 'java.lang.Object java.lang.invoke.DirectMethodHandle$Holder.invokeStatic(java.lang.Object, java.lang.Object, java.lang.Object, int, int, java.lang.Object, java.lang.Object, java.lang.Object, java.lang.Object)'> (0x000000070e9b0d30) thrown at [src/hotspot/share/interpreter/linkResolver.cpp, line 773]
Event: 7.264 Thread 0x000001d2de400800 Exception <a 'java/lang/NoSuchMethodError'{0x000000070e801d40}: 'java.lang.Object java.lang.invoke.DirectMethodHandle$Holder.invokeStatic(java.lang.Object, java.lang.Object, java.lang.Object, int, int, java.lang.Object, java.lang.Object)'> (0x000000070e801d40) thrown at [src/hotspot/share/interpreter/linkResolver.cpp, line 773]
Event: 7.264 Thread 0x000001d2de400800 Exception <a 'java/lang/NoSuchMethodError'{0x000000070e805c00}: 'java.lang.Object java.lang.invoke.DirectMethodHandle$Holder.invokeSpecial(java.lang.Object, java.lang.Object, java.lang.Object, java.lang.Object, int, int, java.lang.Object, java.lang.Object)'> (0x000000070e805c00) thrown at [src/hotspot/share/interpreter/linkResolver.cpp, line 773]
Event: 7.264 Thread 0x000001d2de400800 Exception <a 'java/lang/NoSuchMethodError'{0x000000070e8092b8}: 'java.lang.Object java.lang.invoke.Invokers$Holder.linkToTargetMethod(java.lang.Object, java.lang.Object, int, int, java.lang.Object, java.lang.Object, java.lang.Object)'> (0x000000070e8092b8) thrown at [src/hotspot/share/interpreter/linkResolver.cpp, line 773]
Event: 7.270 Thread 0x000001d2de400800 Exception <a 'java/lang/NoSuchMethodError'{0x000000070e84c430}: 'java.lang.Object java.lang.invoke.DirectMethodHandle$Holder.invokeSpecial(java.lang.Object, java.lang.Object, int, int, java.lang.Object, java.lang.Object, java.lang.Object, java.lang.Object, java.lang.Object)'> (0x000000070e84c430) thrown at [src/hotspot/share/interpreter/linkResolver.cpp, line 773]
Event: 7.468 Thread 0x000001d2de400800 Implicit null exception at 0x000001d2eb24cb74 to 0x000001d2eb24cda4
Event: 8.450 Thread 0x000001d2de400800 Implicit null exception at 0x000001d2eb892a56 to 0x000001d2eb892c8e
Event: 8.895 Thread 0x000001d2de400800 Implicit null exception at 0x000001d2eb484703 to 0x000001d2eb484904

Events (20 events):
Event: 9.300 loading class org/jetbrains/kotlin/codegen/inline/SMAPBuilder
Event: 9.300 loading class org/jetbrains/kotlin/codegen/inline/SMAPBuilder done
Event: 9.301 loading class org/jetbrains/kotlin/codegen/inline/SMAPBuilder$toSMAPMapping$1
Event: 9.301 loading class org/jetbrains/kotlin/codegen/inline/SMAPBuilder$toSMAPMapping$1 done
Event: 9.301 loading class org/jetbrains/kotlin/codegen/inline/AnonymousObjectTransformer$writeTransformedMetadata$1
Event: 9.301 loading class org/jetbrains/kotlin/codegen/inline/AnonymousObjectTransformer$writeTransformedMetadata$1 done
Event: 9.301 loading class org/jetbrains/kotlin/codegen/inline/AnonymousObjectTransformer$WhenMappings
Event: 9.301 loading class org/jetbrains/kotlin/codegen/inline/AnonymousObjectTransformer$WhenMappings done
Event: 9.302 loading class org/jetbrains/kotlin/codegen/inline/LocalVarNodeWrapper
Event: 9.302 loading class org/jetbrains/kotlin/codegen/inline/LocalVarNodeWrapper done
Event: 9.306 loading class org/jetbrains/kotlin/backend/jvm/intrinsics/ThrowKotlinNothingValueException$toCallable$1
Event: 9.306 loading class org/jetbrains/kotlin/backend/jvm/intrinsics/ThrowKotlinNothingValueException$toCallable$1 done
Event: 9.307 loading class org/jetbrains/kotlin/backend/jvm/intrinsics/IrIntrinsicFunctionKt
Event: 9.307 loading class org/jetbrains/kotlin/backend/jvm/intrinsics/IrIntrinsicFunctionKt done
Event: 9.312 loading class org/jetbrains/kotlin/backend/jvm/intrinsics/Increment$toCallable$1
Event: 9.312 loading class org/jetbrains/kotlin/backend/jvm/intrinsics/Increment$toCallable$1 done
Event: 9.372 loading class org/jetbrains/kotlin/load/java/SpecialGenericSignatures$SpecialSignatureInfo
Event: 9.372 loading class org/jetbrains/kotlin/load/java/SpecialGenericSignatures$SpecialSignatureInfo done
Event: 9.386 Executing VM operation: ICBufferFull
Event: 9.386 Executing VM operation: ICBufferFull done


Dynamic libraries:
0x00007ff7174f0000 - 0x00007ff7174fa000 	C:\Program Files\Android\Android Studio\jbr\bin\java.exe
0x00007ffdd6f70000 - 0x00007ffdd7184000 	C:\WINDOWS\SYSTEM32\ntdll.dll
0x00007ffdd5de0000 - 0x00007ffdd5ea4000 	C:\WINDOWS\System32\KERNEL32.DLL
0x00007ffdd4440000 - 0x00007ffdd47e4000 	C:\WINDOWS\System32\KERNELBASE.dll
0x00007ffdd47f0000 - 0x00007ffdd4901000 	C:\WINDOWS\System32\ucrtbase.dll
0x00007ffdbfd40000 - 0x00007ffdbfd57000 	C:\Program Files\Android\Android Studio\jbr\bin\jli.dll
0x00007ffda04e0000 - 0x00007ffda04fb000 	C:\Program Files\Android\Android Studio\jbr\bin\VCRUNTIME140.dll
0x00007ffdd5ec0000 - 0x00007ffdd606a000 	C:\WINDOWS\System32\USER32.dll
0x00007ffdd4410000 - 0x00007ffdd4436000 	C:\WINDOWS\System32\win32u.dll
0x00007ffdb8b00000 - 0x00007ffdb8d8f000 	C:\WINDOWS\WinSxS\amd64_microsoft.windows.common-controls_6595b64144ccf1df_6.0.22621.2070_none_2713e6537381f706\COMCTL32.dll
0x00007ffdd5db0000 - 0x00007ffdd5dd9000 	C:\WINDOWS\System32\GDI32.dll
0x00007ffdd5bc0000 - 0x00007ffdd5c67000 	C:\WINDOWS\System32\msvcrt.dll
0x00007ffdd4aa0000 - 0x00007ffdd4bb9000 	C:\WINDOWS\System32\gdi32full.dll
0x00007ffdd4910000 - 0x00007ffdd49aa000 	C:\WINDOWS\System32\msvcp_win.dll
0x00007ffdd5680000 - 0x00007ffdd56b1000 	C:\WINDOWS\System32\IMM32.DLL
0x00007ffdcf390000 - 0x00007ffdcf39c000 	C:\Program Files\Android\Android Studio\jbr\bin\vcruntime140_1.dll
0x00007ffd88140000 - 0x00007ffd881cd000 	C:\Program Files\Android\Android Studio\jbr\bin\msvcp140.dll
0x00007ffd3c830000 - 0x00007ffd3d3ec000 	C:\Program Files\Android\Android Studio\jbr\bin\server\jvm.dll
0x00007ffdd52d0000 - 0x00007ffdd5380000 	C:\WINDOWS\System32\ADVAPI32.dll
0x00007ffdd5730000 - 0x00007ffdd57d6000 	C:\WINDOWS\System32\sechost.dll
0x00007ffdd51b0000 - 0x00007ffdd52c7000 	C:\WINDOWS\System32\RPCRT4.dll
0x00007ffdd5c90000 - 0x00007ffdd5c98000 	C:\WINDOWS\System32\PSAPI.DLL
0x00007ffdbd5c0000 - 0x00007ffdbd5c9000 	C:\WINDOWS\SYSTEM32\WSOCK32.dll
0x00007ffdc2880000 - 0x00007ffdc28b4000 	C:\WINDOWS\SYSTEM32\WINMM.dll
0x00007ffdcea10000 - 0x00007ffdcea1a000 	C:\WINDOWS\SYSTEM32\VERSION.dll
0x00007ffdd60f0000 - 0x00007ffdd6161000 	C:\WINDOWS\System32\WS2_32.dll
0x00007ffdd3300000 - 0x00007ffdd3318000 	C:\WINDOWS\SYSTEM32\kernel.appcore.dll
0x00007ffdd1680000 - 0x00007ffdd1690000 	C:\Program Files\Android\Android Studio\jbr\bin\verify.dll
0x00007ffdc18c0000 - 0x00007ffdc1aee000 	C:\WINDOWS\SYSTEM32\DBGHELP.DLL
0x00007ffdd57e0000 - 0x00007ffdd5b6a000 	C:\WINDOWS\System32\combase.dll
0x00007ffdd6170000 - 0x00007ffdd6247000 	C:\WINDOWS\System32\OLEAUT32.dll
0x00007ffdbc590000 - 0x00007ffdbc5c2000 	C:\WINDOWS\SYSTEM32\dbgcore.DLL
0x00007ffdd49b0000 - 0x00007ffdd4a2a000 	C:\WINDOWS\System32\bcryptPrimitives.dll
0x00007ffdbe300000 - 0x00007ffdbe328000 	C:\Program Files\Android\Android Studio\jbr\bin\java.dll
0x00007ffdc0f40000 - 0x00007ffdc0f4a000 	C:\Program Files\Android\Android Studio\jbr\bin\jimage.dll
0x00007ffdbd300000 - 0x00007ffdbd318000 	C:\Program Files\Android\Android Studio\jbr\bin\zip.dll
0x00007ffdd6250000 - 0x00007ffdd6a66000 	C:\WINDOWS\System32\SHELL32.dll
0x00007ffdd22d0000 - 0x00007ffdd2bba000 	C:\WINDOWS\SYSTEM32\windows.storage.dll
0x00007ffdd2190000 - 0x00007ffdd22ce000 	C:\WINDOWS\SYSTEM32\wintypes.dll
0x00007ffdd5ca0000 - 0x00007ffdd5d93000 	C:\WINDOWS\System32\SHCORE.dll
0x00007ffdd6a70000 - 0x00007ffdd6ace000 	C:\WINDOWS\System32\shlwapi.dll
0x00007ffdd4280000 - 0x00007ffdd42a6000 	C:\WINDOWS\SYSTEM32\profapi.dll
0x00007ffdb9230000 - 0x00007ffdb9249000 	C:\Program Files\Android\Android Studio\jbr\bin\net.dll
0x00007ffdce670000 - 0x00007ffdce7a7000 	C:\WINDOWS\SYSTEM32\WINHTTP.dll
0x00007ffdd37d0000 - 0x00007ffdd3839000 	C:\WINDOWS\system32\mswsock.dll
0x00007ffdb9180000 - 0x00007ffdb9193000 	C:\Program Files\Android\Android Studio\jbr\bin\nio.dll

dbghelp: loaded successfully - version: 4.0.5 - missing functions: none
symbol engine: initialized successfully - sym options: 0x614 - pdb path: .;C:\Program Files\Android\Android Studio\jbr\bin;C:\WINDOWS\SYSTEM32;C:\WINDOWS\WinSxS\amd64_microsoft.windows.common-controls_6595b64144ccf1df_6.0.22621.2070_none_2713e6537381f706;C:\Program Files\Android\Android Studio\jbr\bin\server

VM Arguments:
java_command: org.jetbrains.kotlin.cli.jvm.K2JVMCompiler @F:\EarningApp\app\build\20230901_6794239989389953900.compiler.options
java_class_path (initial): C:\Users\youss\.gradle\caches\modules-2\files-2.1\org.jetbrains.kotlin\kotlin-compiler-embeddable\1.8.0\eb9118d4bcceaa2a94b2ae2a33a4ddba7c9a947f\kotlin-compiler-embeddable-1.8.0.jar;C:\Users\youss\.gradle\caches\modules-2\files-2.1\org.jetbrains.kotlin\kotlin-stdlib\1.8.0\1796921c7a3e2e2665a83e6c8d33399336cd39bc\kotlin-stdlib-1.8.0.jar;C:\Users\youss\.gradle\caches\modules-2\files-2.1\org.jetbrains.kotlin\kotlin-script-runtime\1.8.0\b2f7e760d283cb339974851c222a4c1d48f2d3d\kotlin-script-runtime-1.8.0.jar;C:\Users\youss\.gradle\caches\modules-2\files-2.1\org.jetbrains.kotlin\kotlin-reflect\1.6.10\1cbe9c92c12a94eea200d23c2bbaedaf3daf5132\kotlin-reflect-1.6.10.jar;C:\Users\youss\.gradle\caches\modules-2\files-2.1\org.jetbrains.kotlin\kotlin-daemon-embeddable\1.8.0\d255216c551685dc3a7e852b53617f5f01aaaa5c\kotlin-daemon-embeddable-1.8.0.jar;C:\Users\youss\.gradle\caches\modules-2\files-2.1\org.jetbrains.intellij.deps\trove4j\1.0.20200330\3afb14d5f9ceb459d724e907a21145e8ff394f02\trove4j-1.0.20200330.jar;C:\Users\youss\.gradle\caches\modules-2\files-2.1\net.java.dev.jna\jna\5.6.0\330f2244e9030119ab3030fc3fededc86713d9cc\jna-5.6.0.jar;C:\Users\youss\.gradle\caches\modules-2\files-2.1\org.jetbrains.kotlin\kotlin-stdlib-common\1.8.0\f7197e7cc76453ac59f8b0f8d5137cc600becd36\kotlin-stdlib-common-1.8.0.jar;C:\Users\youss\.gradle\caches\modules-2\files-2.1\org.jetbrains\annotations\13.0\919f0dfe192fb4e063e7dacadee7f8bb9a2672a9\annotations-13.0.jar
Launcher Type: SUN_STANDARD

[Global flags]
     intx CICompilerCount                          = 4                                         {product} {ergonomic}
     uint ConcGCThreads                            = 3                                         {product} {ergonomic}
     uint G1ConcRefinementThreads                  = 10                                        {product} {ergonomic}
   size_t G1HeapRegionSize                         = 1048576                                   {product} {ergonomic}
    uintx GCDrainStackTargetSize                   = 64                                        {product} {ergonomic}
   size_t InitialHeapSize                          = 266338304                                 {product} {ergonomic}
   size_t MarkStackSize                            = 4194304                                   {product} {ergonomic}
   size_t MaxHeapSize                              = 4248829952                                {product} {ergonomic}
   size_t MaxNewSize                               = 2549088256                                {product} {ergonomic}
   size_t MinHeapDeltaBytes                        = 1048576                                   {product} {ergonomic}
    uintx NonNMethodCodeHeapSize                   = 5836300                                {pd product} {ergonomic}
    uintx NonProfiledCodeHeapSize                  = 122910970                              {pd product} {ergonomic}
    uintx ProfiledCodeHeapSize                     = 122910970                              {pd product} {ergonomic}
    uintx ReservedCodeCacheSize                    = 251658240                              {pd product} {ergonomic}
     bool SegmentedCodeCache                       = true                                      {product} {ergonomic}
     bool UseCompressedClassPointers               = true                                 {lp64_product} {ergonomic}
     bool UseCompressedOops                        = true                                 {lp64_product} {ergonomic}
     bool UseG1GC                                  = true                                      {product} {ergonomic}
     bool UseLargePagesIndividualAllocation        = false                                  {pd product} {ergonomic}

Logging:
Log output configuration:
 #0: stdout all=warning uptime,level,tags
 #1: stderr all=off uptime,level,tags

Environment Variables:
PATH=C:\Program Files\Common Files\Oracle\Java\javapath;C:\Windows\system32;C:\Windows;C:\Windows\System32\Wbem;C:\Windows\System32\WindowsPowerShell\v1.0\;C:\Windows\System32\OpenSSH\;C:\Program Files (x86)\NVIDIA Corporation\PhysX\Common;C:\Program Files\Microsoft SQL Server\150\Tools\Binn\;C:\Program Files\Microsoft SQL Server\Client SDK\ODBC\170\Tools\Binn\;C:\WINDOWS\system32;C:\WINDOWS;C:\WINDOWS\System32\Wbem;C:\WINDOWS\System32\WindowsPowerShell\v1.0\;C:\WINDOWS\System32\OpenSSH\;C:\Program Files\NVIDIA Corporation\NVIDIA NvDLISR;C:\Program Files\Git\cmd;C:\Program Files\dotnet\;C:\Program Files (x86)\Microsoft SQL Server\160\Tools\Binn\;C:\Program Files\Microsoft SQL Server\160\Tools\Binn\;C:\Program Files\Microsoft SQL Server\160\DTS\Binn\;C:\Program Files (x86)\Microsoft SQL Server\160\DTS\Binn\;C:\Users\youss\miniconda3;C:\Users\youss\miniconda3\Library\mingw-w64\bin;C:\Users\youss\miniconda3\Library\usr\bin;C:\Users\youss\miniconda3\Library\bin;C:\Users\youss\miniconda3\Scripts;C:\Users\youss\AppData\Local\Microsoft\WindowsApps;C:\Users\youss\AppData\Local\Programs\Microsoft VS Code\bin;C:\Program Files\JetBrains\PyCharm Community Edition 2022.2.1\bin;C:\Program Files\Java\jdk-20\bin;C:\Users\youss\AppData\Local\JetBrains\Toolbox\scripts;D:\Programs\flutter_windows_3.10.6-stable\flutter\bin;;C:\Program Files\Azure Data Studio\bin;C:\Users\youss\.dotnet\tools
USERNAME=youss
OS=Windows_NT
PROCESSOR_IDENTIFIER=Intel64 Family 6 Model 165 Stepping 2, GenuineIntel



---------------  S Y S T E M  ---------------

OS: Windows 11 , 64 bit Build 22621 (10.0.22621.2070)
OS uptime: 1 days 21:22 hours
Hyper-V role detected

CPU:total 12 (initial active 12) (6 cores per cpu, 2 threads per core) family 6 model 165 stepping 2 microcode 0xe2, cmov, cx8, fxsr, mmx, sse, sse2, sse3, ssse3, sse4.1, sse4.2, popcnt, avx, avx2, aes, clmul, erms, 3dnowpref, lzcnt, ht, tsc, tscinvbit, bmi1, bmi2, adx, fma

Memory: 4k page, system-wide physical 16202M (1962M free)
TotalPageFile size 18250M (AvailPageFile size 5M)
current process WorkingSet (physical memory assigned to process): 512M, peak: 514M
current process commit charge ("private bytes"): 623M, peak: 624M

vm_info: OpenJDK 64-Bit Server VM (11.0.15+0-b2043.56-9505619) for windows-amd64 JRE (11.0.15+0-b2043.56-9505619), built on Jan 19 2023 02:48:00 by "builduser" with unknown MS VC++:1929

END.
